2025-03-19 01:00:45,262 - INFO - 🔧 Backend Flask iniciado.
2025-03-19 01:01:56,556 - DEBUG - Intento de inicio de sesión: admin@shelly.local
2025-03-19 01:01:56,560 - DEBUG - Usuario encontrado en la base de datos
2025-03-19 01:01:56,901 - DEBUG - Contraseña correcta
2025-03-19 01:02:15,265 - DEBUG - Datos recibidos para crear usuario: {'nombre': 'papa', 'email': 'papa@papa', 'password': 'papa', 'rol': 'user'}
2025-03-19 01:02:15,655 - DEBUG - Usuario creado: <User 16>
2025-03-19 01:02:30,297 - DEBUG - Datos recibidos para actualizar rol: {'rol': 'user'}
2025-03-19 01:02:30,300 - DEBUG - Actualizando rol del usuario 9 a user
2025-03-19 01:02:30,319 - INFO - Rol del usuario 9 actualizado a user
2025-03-19 01:05:09,589 - DEBUG - Datos recibidos para crear usuario: {'nombre': 'papa', 'email': 'papa2@papa2', 'password': 'papa', 'rol': 'user'}
2025-03-19 01:05:09,592 - DEBUG - El nombre de usuario o el correo electrónico ya están en uso
2025-03-19 01:05:29,373 - DEBUG - Datos recibidos para crear usuario: {'nombre': 'papa2', 'email': 'papa@papa', 'password': 'papa', 'rol': 'user'}
2025-03-19 01:05:29,376 - DEBUG - El nombre de usuario o el correo electrónico ya están en uso
2025-03-19 01:05:36,856 - DEBUG - Datos recibidos para crear usuario: {'nombre': 'papa2', 'email': 'papa2@papa', 'password': 'papa', 'rol': 'user'}
2025-03-19 01:05:37,213 - DEBUG - Usuario creado: <User 17>
2025-03-19 01:23:13,294 - DEBUG - Intento de inicio de sesión: admin@shelly.local
2025-03-19 01:23:13,300 - DEBUG - Usuario encontrado en la base de datos
2025-03-19 01:23:13,642 - DEBUG - Contraseña correcta
2025-03-19 01:27:28,671 - DEBUG - Intento de inicio de sesión: admin@shelly.local
2025-03-19 01:27:28,674 - DEBUG - Usuario encontrado en la base de datos
2025-03-19 01:27:29,013 - DEBUG - Contraseña correcta
2025-03-19 04:11:10,585 - DEBUG - Intento de inicio de sesión: admin@shelly.local
2025-03-19 04:11:10,594 - DEBUG - Usuario encontrado en la base de datos
2025-03-19 04:11:10,934 - DEBUG - Contraseña correcta
2025-03-19 04:16:59,430 - DEBUG - Intento de inicio de sesión: admin@shelly.local
2025-03-19 04:16:59,433 - DEBUG - Usuario encontrado en la base de datos
2025-03-19 04:16:59,772 - DEBUG - Contraseña correcta
2025-03-19 04:26:30,296 - DEBUG - Intento de inicio de sesión: admin@shelly.local
2025-03-19 04:26:30,303 - DEBUG - Usuario encontrado en la base de datos
2025-03-19 04:26:30,648 - DEBUG - Contraseña correcta
2025-03-19 04:31:47,050 - DEBUG - Intento de inicio de sesión: admin@shelly.local
2025-03-19 04:31:47,052 - DEBUG - Usuario encontrado en la base de datos
2025-03-19 04:31:47,392 - DEBUG - Contraseña correcta
2025-03-19 04:33:20,254 - DEBUG - Intento de inicio de sesión: pepe@pepe
2025-03-19 04:33:20,257 - DEBUG - Usuario encontrado en la base de datos
2025-03-19 04:33:20,594 - DEBUG - Contraseña correcta
2025-03-19 04:46:35,279 - DEBUG - Intento de inicio de sesión: admin@shelly.local
2025-03-19 04:46:35,284 - DEBUG - Usuario encontrado en la base de datos
2025-03-19 04:46:35,624 - DEBUG - Contraseña correcta
2025-03-19 04:50:53,290 - DEBUG - Intento de inicio de sesión: admin@shelly.local
2025-03-19 04:50:53,295 - DEBUG - Usuario encontrado en la base de datos
2025-03-19 04:50:53,636 - DEBUG - Contraseña correcta
2025-03-19 04:53:49,698 - DEBUG - Intento de inicio de sesión: admin@shelly.local
2025-03-19 04:53:49,708 - DEBUG - Usuario encontrado en la base de datos
2025-03-19 04:53:50,048 - DEBUG - Contraseña correcta
2025-03-19 04:57:40,437 - DEBUG - Intento de inicio de sesión: admin@shelly.local
2025-03-19 04:57:40,440 - DEBUG - Usuario encontrado en la base de datos
2025-03-19 04:57:40,779 - DEBUG - Contraseña correcta
2025-03-19 05:00:18,715 - DEBUG - Intento de inicio de sesión: admin@shelly.local
2025-03-19 05:00:18,717 - DEBUG - Usuario encontrado en la base de datos
2025-03-19 05:00:19,056 - DEBUG - Contraseña correcta
2025-03-19 05:02:20,761 - DEBUG - Intento de inicio de sesión: admin@shelly.local
2025-03-19 05:02:20,785 - DEBUG - Usuario encontrado en la base de datos
2025-03-19 05:02:21,129 - DEBUG - Contraseña correcta
2025-03-19 05:57:40,687 - INFO - 🔧 Backend Flask iniciado.
2025-03-19 06:16:53,297 - INFO - 🔧 Backend Flask iniciado.
2025-03-19 06:19:13,237 - DEBUG - Intento de inicio de sesión: admin@shelly.local
2025-03-19 06:19:13,248 - DEBUG - Usuario encontrado en la base de datos
2025-03-19 06:19:13,588 - DEBUG - Contraseña correcta
2025-03-19 06:21:12,645 - DEBUG - Datos recibidos para crear usuario: {'nombre': 'mama', 'email': 'mama@mama', 'password': 'mama', 'rol': 'user'}
2025-03-19 06:21:13,041 - DEBUG - Usuario creado: <User 18>
2025-03-19 07:07:50,122 - INFO - 🔧 Backend Flask iniciado.
2025-03-19 07:13:35,517 - INFO - 🔧 Backend Flask iniciado.
2025-03-19 07:19:05,673 - INFO - 🔧 Backend Flask iniciado.
2025-03-19 07:20:39,676 - DEBUG - Intento de inicio de sesión: mama@mama
2025-03-19 07:20:39,680 - DEBUG - Usuario encontrado en la base de datos
2025-03-19 07:20:40,019 - DEBUG - Contraseña correcta
2025-03-19 07:40:17,937 - INFO - 🔧 Backend Flask iniciado.
2025-03-19 07:41:14,719 - DEBUG - Intento de inicio de sesión: mama@mama
2025-03-19 07:41:14,722 - DEBUG - Usuario encontrado en la base de datos
2025-03-19 07:41:15,063 - DEBUG - Contraseña correcta
2025-03-19 07:42:23,394 - DEBUG - Intento de inicio de sesión: dami@dami
2025-03-19 07:42:23,397 - DEBUG - Usuario encontrado en la base de datos
2025-03-19 07:42:23,737 - DEBUG - Contraseña correcta
2025-03-19 07:43:34,836 - DEBUG - Intento de inicio de sesión: admin@shelly.local
2025-03-19 07:43:34,838 - DEBUG - Usuario encontrado en la base de datos
2025-03-19 07:43:35,178 - DEBUG - Contraseña correcta
2025-03-19 07:57:44,824 - DEBUG - Intento de inicio de sesión: admin@shelly.local
2025-03-19 07:57:44,831 - DEBUG - Usuario encontrado en la base de datos
2025-03-19 07:57:45,177 - DEBUG - Contraseña correcta
2025-03-19 07:59:18,089 - DEBUG - Intento de inicio de sesión: mama@mama
2025-03-19 07:59:18,092 - DEBUG - Usuario encontrado en la base de datos
2025-03-19 07:59:18,431 - DEBUG - Contraseña correcta
2025-03-19 08:00:26,555 - DEBUG - Intento de inicio de sesión: pepe@pepe
2025-03-19 08:00:26,559 - DEBUG - Usuario encontrado en la base de datos
2025-03-19 08:00:26,900 - DEBUG - Contraseña correcta
2025-03-19 08:01:28,836 - DEBUG - Intento de inicio de sesión: dami@dami
2025-03-19 08:01:28,838 - DEBUG - Usuario encontrado en la base de datos
2025-03-19 08:01:29,176 - DEBUG - Contraseña correcta
2025-03-19 08:11:52,365 - DEBUG - Intento de inicio de sesión: admin@shelly.local
2025-03-19 08:11:52,367 - DEBUG - Usuario encontrado en la base de datos
2025-03-19 08:11:52,709 - DEBUG - Contraseña correcta
2025-03-19 08:12:32,502 - DEBUG - Datos recibidos para actualizar rol: {'rol': 'user'}
2025-03-19 08:12:32,504 - DEBUG - Actualizando rol del usuario 4 a user
2025-03-19 08:12:32,520 - INFO - Rol del usuario 4 actualizado a user
2025-03-19 08:12:48,478 - DEBUG - Datos recibidos para actualizar rol: {'rol': 'admin'}
2025-03-19 08:12:48,480 - DEBUG - Actualizando rol del usuario 4 a admin
2025-03-19 08:12:48,493 - INFO - Rol del usuario 4 actualizado a admin
2025-03-19 08:19:52,618 - DEBUG - Intento de inicio de sesión: admin@shelly.local
2025-03-19 08:19:52,621 - DEBUG - Usuario encontrado en la base de datos
2025-03-19 08:19:52,960 - DEBUG - Contraseña correcta
2025-03-19 08:21:20,695 - DEBUG - Intento de inicio de sesión: dami@dami
2025-03-19 08:21:20,698 - DEBUG - Usuario encontrado en la base de datos
2025-03-19 08:21:21,037 - DEBUG - Contraseña correcta
2025-03-19 08:29:29,930 - DEBUG - Intento de inicio de sesión: admin@shelly.local
2025-03-19 08:29:29,933 - DEBUG - Usuario encontrado en la base de datos
2025-03-19 08:29:30,273 - DEBUG - Contraseña correcta
2025-03-19 08:51:11,003 - DEBUG - Intento de inicio de sesión: admin@shelly.local
2025-03-19 08:51:11,005 - DEBUG - Usuario encontrado en la base de datos
2025-03-19 08:51:11,355 - DEBUG - Contraseña correcta
2025-03-19 08:52:42,586 - DEBUG - Intento de inicio de sesión: pepe@pepe
2025-03-19 08:52:42,588 - DEBUG - Usuario encontrado en la base de datos
2025-03-19 08:52:42,928 - DEBUG - Contraseña correcta
2025-03-19 08:57:50,571 - DEBUG - Intento de inicio de sesión: admin@shelly.local
2025-03-19 08:57:50,574 - DEBUG - Usuario encontrado en la base de datos
2025-03-19 08:57:50,914 - DEBUG - Contraseña correcta
2025-03-19 08:59:26,400 - DEBUG - Intento de inicio de sesión: admin@shelly.local
2025-03-19 08:59:26,403 - DEBUG - Usuario encontrado en la base de datos
2025-03-19 08:59:26,748 - DEBUG - Contraseña correcta
2025-03-19 14:18:39,472 - DEBUG - Intento de inicio de sesión: dami@dami
2025-03-19 14:18:39,477 - DEBUG - Usuario encontrado en la base de datos
2025-03-19 14:18:39,815 - DEBUG - Contraseña correcta
2025-03-19 16:28:07,212 - INFO - 🔧 Backend Flask iniciado.
2025-03-19 17:13:16,683 - DEBUG - Intento de inicio de sesión: admin@shelly.local
2025-03-19 17:13:16,757 - DEBUG - Usuario encontrado en la base de datos
2025-03-19 17:13:17,097 - DEBUG - Contraseña correcta
2025-03-19 19:51:02,669 - DEBUG - Intento de inicio de sesión: admin@shelly.local
2025-03-19 19:51:02,673 - DEBUG - Usuario encontrado en la base de datos
2025-03-19 19:51:03,014 - DEBUG - Contraseña correcta
2025-03-19 19:59:20,823 - DEBUG - Intento de inicio de sesión: admin@shelly.local
2025-03-19 19:59:20,826 - DEBUG - Usuario encontrado en la base de datos
2025-03-19 19:59:21,166 - DEBUG - Contraseña correcta
2025-03-19 20:42:41,153 - DEBUG - Intento de inicio de sesión: admin@shelly.local
2025-03-19 20:42:41,159 - DEBUG - Usuario encontrado en la base de datos
2025-03-19 20:42:41,498 - DEBUG - Contraseña correcta
2025-03-19 21:14:19,583 - INFO - 🔧 Backend Flask iniciado.
2025-03-19 21:47:20,348 - DEBUG - Intento de inicio de sesión: admin@shelly.local
2025-03-19 21:47:20,384 - DEBUG - Usuario encontrado en la base de datos
2025-03-19 21:47:20,724 - DEBUG - Contraseña correcta
2025-03-19 21:54:41,652 - DEBUG - Intento de inicio de sesión: admin@shelly.local
2025-03-19 21:54:41,657 - DEBUG - Usuario encontrado en la base de datos
2025-03-19 21:54:41,994 - DEBUG - Contraseña correcta
2025-03-19 21:59:46,611 - DEBUG - Intento de inicio de sesión: admin@shelly.local
2025-03-19 21:59:46,616 - DEBUG - Usuario encontrado en la base de datos
2025-03-19 21:59:46,956 - DEBUG - Contraseña correcta
2025-03-19 22:02:16,920 - DEBUG - Intento de inicio de sesión: admin@shelly.local
2025-03-19 22:02:16,922 - DEBUG - Usuario encontrado en la base de datos
2025-03-19 22:02:17,262 - DEBUG - Contraseña correcta
2025-03-19 22:12:09,461 - DEBUG - Intento de inicio de sesión: admin@shelly.local
2025-03-19 22:12:09,465 - DEBUG - Usuario encontrado en la base de datos
2025-03-19 22:12:09,805 - DEBUG - Contraseña correcta
2025-03-19 22:24:51,245 - DEBUG - Intento de inicio de sesión: admin@shelly.local
2025-03-19 22:24:51,250 - DEBUG - Usuario encontrado en la base de datos
2025-03-19 22:24:51,593 - DEBUG - Contraseña correcta
2025-03-19 22:33:34,559 - DEBUG - Intento de inicio de sesión: admin@shelly.local
2025-03-19 22:33:34,563 - DEBUG - Usuario encontrado en la base de datos
2025-03-19 22:33:34,908 - DEBUG - Contraseña correcta
2025-03-19 22:42:50,486 - INFO - 🔧 Backend Flask iniciado.
2025-03-19 22:46:43,638 - DEBUG - Intento de inicio de sesión: admin@shelly.local
2025-03-19 22:46:43,649 - DEBUG - Usuario encontrado en la base de datos
2025-03-19 22:46:43,988 - DEBUG - Contraseña correcta
2025-03-19 22:56:38,664 - DEBUG - Intento de inicio de sesión: admin@shelly.local
2025-03-19 22:56:38,667 - DEBUG - Usuario encontrado en la base de datos
2025-03-19 22:56:39,007 - DEBUG - Contraseña correcta
2025-03-19 23:21:00,917 - DEBUG - Intento de inicio de sesión: admin@shelly.local
2025-03-19 23:21:00,921 - DEBUG - Usuario encontrado en la base de datos
2025-03-19 23:21:01,260 - DEBUG - Contraseña correcta
2025-03-19 23:39:18,955 - DEBUG - Intento de inicio de sesión: admin@shelly.local
2025-03-19 23:39:18,961 - DEBUG - Usuario encontrado en la base de datos
2025-03-19 23:39:19,301 - DEBUG - Contraseña correcta
2025-03-19 23:44:42,037 - DEBUG - Intento de inicio de sesión: mama@mama
2025-03-19 23:44:42,040 - DEBUG - Usuario encontrado en la base de datos
2025-03-19 23:44:42,379 - DEBUG - Contraseña correcta
2025-03-19 23:55:04,323 - INFO - 🔧 Backend Flask iniciado.
2025-03-19 23:56:56,453 - DEBUG - Intento de inicio de sesión: admin@shelly.local
2025-03-19 23:56:56,468 - DEBUG - Usuario encontrado en la base de datos
2025-03-19 23:56:56,807 - DEBUG - Contraseña correcta
2025-03-20 00:53:09,407 - INFO - 🔧 Backend Flask iniciado.
2025-03-20 00:57:30,324 - INFO - 🔧 Backend Flask iniciado.
2025-03-20 00:59:22,314 - DEBUG - Intento de inicio de sesión: admin@shelly.local
2025-03-20 00:59:22,435 - DEBUG - Usuario encontrado en la base de datos
2025-03-20 00:59:22,774 - DEBUG - Contraseña correcta
2025-03-20 01:00:25,557 - DEBUG - Intento de inicio de sesión: dami@dami
2025-03-20 01:00:25,560 - DEBUG - Usuario encontrado en la base de datos
2025-03-20 01:00:25,899 - DEBUG - Contraseña correcta
2025-03-20 01:01:14,662 - DEBUG - Intento de inicio de sesión: papa@papa
2025-03-20 01:01:14,665 - DEBUG - Usuario encontrado en la base de datos
2025-03-20 01:01:15,007 - DEBUG - Contraseña correcta
2025-03-20 01:04:01,325 - DEBUG - Intento de inicio de sesión: dami@dami
2025-03-20 01:04:01,328 - DEBUG - Usuario encontrado en la base de datos
2025-03-20 01:04:01,666 - DEBUG - Contraseña correcta
2025-03-20 01:12:50,599 - DEBUG - Intento de inicio de sesión: admin@shelly.local
2025-03-20 01:12:50,606 - DEBUG - Usuario encontrado en la base de datos
2025-03-20 01:12:50,945 - DEBUG - Contraseña correcta
2025-03-20 01:19:25,039 - DEBUG - Intento de inicio de sesión: admin@shelly.local
2025-03-20 01:19:25,042 - DEBUG - Usuario encontrado en la base de datos
2025-03-20 01:19:25,381 - DEBUG - Contraseña correcta
2025-03-20 01:22:11,713 - DEBUG - Intento de inicio de sesión: admin@shelly.local
2025-03-20 01:22:11,719 - DEBUG - Usuario encontrado en la base de datos
2025-03-20 01:22:12,059 - DEBUG - Contraseña correcta
2025-03-20 01:26:38,005 - DEBUG - Intento de inicio de sesión: admin@shelly.local
2025-03-20 01:26:38,009 - DEBUG - Usuario encontrado en la base de datos
2025-03-20 01:26:38,348 - DEBUG - Contraseña correcta
2025-03-20 01:30:39,375 - DEBUG - Intento de inicio de sesión: admin@shelly.local
2025-03-20 01:30:39,382 - DEBUG - Usuario encontrado en la base de datos
2025-03-20 01:30:39,722 - DEBUG - Contraseña correcta
2025-03-20 04:37:48,863 - DEBUG - Intento de inicio de sesión: admin@shelly.local
2025-03-20 04:37:48,867 - DEBUG - Usuario encontrado en la base de datos
2025-03-20 04:37:49,207 - DEBUG - Contraseña correcta
2025-03-20 04:45:10,905 - DEBUG - Intento de inicio de sesión: admin@shelly.local
2025-03-20 04:45:10,908 - DEBUG - Usuario encontrado en la base de datos
2025-03-20 04:45:11,247 - DEBUG - Contraseña correcta
2025-03-20 04:49:04,071 - DEBUG - Intento de inicio de sesión: admin@shelly.local
2025-03-20 04:49:04,076 - DEBUG - Usuario encontrado en la base de datos
2025-03-20 04:49:04,418 - DEBUG - Contraseña correcta
2025-03-20 04:52:06,350 - DEBUG - Intento de inicio de sesión: admin@shelly.local
2025-03-20 04:52:06,357 - DEBUG - Usuario encontrado en la base de datos
2025-03-20 04:52:06,697 - DEBUG - Contraseña correcta
2025-03-20 04:53:08,209 - DEBUG - Intento de inicio de sesión: mama@mama
2025-03-20 04:53:08,211 - DEBUG - Usuario encontrado en la base de datos
2025-03-20 04:53:08,551 - DEBUG - Contraseña correcta
2025-03-20 05:11:26,775 - DEBUG - Intento de inicio de sesión: mama@mama
2025-03-20 05:11:26,780 - DEBUG - Usuario encontrado en la base de datos
2025-03-20 05:11:27,118 - DEBUG - Contraseña correcta
2025-03-20 05:15:05,626 - DEBUG - Intento de inicio de sesión: admin@shelly.local
2025-03-20 05:15:05,631 - DEBUG - Usuario encontrado en la base de datos
2025-03-20 05:15:05,981 - DEBUG - Contraseña correcta
2025-03-20 05:16:01,556 - DEBUG - Intento de inicio de sesión: mama@mama
2025-03-20 05:16:01,560 - DEBUG - Usuario encontrado en la base de datos
2025-03-20 05:16:01,901 - DEBUG - Contraseña correcta
2025-03-20 05:19:46,718 - DEBUG - Intento de inicio de sesión: dami@dami
2025-03-20 05:19:46,725 - DEBUG - Usuario encontrado en la base de datos
2025-03-20 05:19:47,065 - DEBUG - Contraseña correcta
2025-03-20 05:23:51,461 - DEBUG - Intento de inicio de sesión: admin@shelly.local
2025-03-20 05:23:51,464 - DEBUG - Usuario encontrado en la base de datos
2025-03-20 05:23:51,812 - DEBUG - Contraseña correcta
2025-03-20 05:25:03,503 - DEBUG - Intento de inicio de sesión: admin@shelly.local
2025-03-20 05:25:03,505 - DEBUG - Usuario encontrado en la base de datos
2025-03-20 05:25:03,844 - DEBUG - Contraseña correcta
2025-03-20 05:25:42,261 - DEBUG - Intento de inicio de sesión: papa@papa
2025-03-20 05:25:42,264 - DEBUG - Usuario encontrado en la base de datos
2025-03-20 05:25:42,602 - DEBUG - Contraseña incorrecta
2025-03-20 05:25:48,113 - DEBUG - Intento de inicio de sesión: papa@papa
2025-03-20 05:25:48,115 - DEBUG - Usuario encontrado en la base de datos
2025-03-20 05:25:48,455 - DEBUG - Contraseña correcta
2025-03-20 05:28:52,807 - DEBUG - Intento de inicio de sesión: pepe@pepe
2025-03-20 05:28:52,810 - DEBUG - Usuario encontrado en la base de datos
2025-03-20 05:28:53,149 - DEBUG - Contraseña incorrecta
2025-03-20 05:28:58,747 - DEBUG - Intento de inicio de sesión: pepe@pepe
2025-03-20 05:28:58,750 - DEBUG - Usuario encontrado en la base de datos
2025-03-20 05:28:59,089 - DEBUG - Contraseña correcta
2025-03-20 05:31:13,914 - DEBUG - Intento de inicio de sesión: admin@shelly.local
2025-03-20 05:31:13,920 - DEBUG - Usuario encontrado en la base de datos
2025-03-20 05:31:14,259 - DEBUG - Contraseña correcta
2025-03-20 05:34:55,113 - DEBUG - Intento de inicio de sesión: papa@papa
2025-03-20 05:34:55,117 - DEBUG - Usuario encontrado en la base de datos
2025-03-20 05:34:55,455 - DEBUG - Contraseña correcta
2025-03-20 05:38:46,347 - DEBUG - Intento de inicio de sesión: pepe@pepe
2025-03-20 05:38:46,354 - DEBUG - Usuario encontrado en la base de datos
2025-03-20 05:38:46,694 - DEBUG - Contraseña correcta
2025-03-20 05:45:19,592 - DEBUG - Intento de inicio de sesión: mama@mama
2025-03-20 05:45:19,596 - DEBUG - Usuario encontrado en la base de datos
2025-03-20 05:45:19,935 - DEBUG - Contraseña correcta
2025-03-20 05:55:11,408 - DEBUG - Intento de inicio de sesión: mama@mama
2025-03-20 05:55:11,413 - DEBUG - Usuario encontrado en la base de datos
2025-03-20 05:55:11,750 - DEBUG - Contraseña correcta
2025-03-20 05:59:48,896 - DEBUG - Intento de inicio de sesión: papa@papa
2025-03-20 05:59:48,901 - DEBUG - Usuario encontrado en la base de datos
2025-03-20 05:59:49,243 - DEBUG - Contraseña correcta
2025-03-20 06:11:19,232 - DEBUG - Intento de inicio de sesión: mama@mama
2025-03-20 06:11:19,235 - DEBUG - Usuario encontrado en la base de datos
2025-03-20 06:11:19,574 - DEBUG - Contraseña correcta
2025-03-20 06:13:23,658 - DEBUG - Intento de inicio de sesión: dami@dami
2025-03-20 06:13:23,660 - DEBUG - Usuario encontrado en la base de datos
2025-03-20 06:13:24,001 - DEBUG - Contraseña correcta
2025-03-20 06:13:57,635 - DEBUG - Intento de inicio de sesión: admin@shelly.local
2025-03-20 06:13:57,637 - DEBUG - Usuario encontrado en la base de datos
2025-03-20 06:13:57,977 - DEBUG - Contraseña correcta
2025-03-20 06:16:55,244 - DEBUG - Intento de inicio de sesión: dami@dami
2025-03-20 06:16:55,246 - DEBUG - Usuario encontrado en la base de datos
2025-03-20 06:16:55,586 - DEBUG - Contraseña correcta
2025-03-20 06:20:25,512 - DEBUG - Intento de inicio de sesión: dami@dami
2025-03-20 06:20:25,515 - DEBUG - Usuario encontrado en la base de datos
2025-03-20 06:20:25,854 - DEBUG - Contraseña correcta
2025-03-20 06:21:13,673 - DEBUG - Intento de inicio de sesión: admin@shelly.local
2025-03-20 06:21:13,679 - DEBUG - Usuario encontrado en la base de datos
2025-03-20 06:21:14,019 - DEBUG - Contraseña correcta
2025-03-20 06:24:01,257 - DEBUG - Intento de inicio de sesión: dami@dami
2025-03-20 06:24:01,260 - DEBUG - Usuario encontrado en la base de datos
2025-03-20 06:24:01,599 - DEBUG - Contraseña correcta
2025-03-20 06:33:35,791 - DEBUG - Intento de inicio de sesión: dami@dami
2025-03-20 06:33:35,794 - DEBUG - Usuario encontrado en la base de datos
2025-03-20 06:33:36,134 - DEBUG - Contraseña correcta
2025-03-21 05:23:55,032 - INFO - 🔧 Backend Flask iniciado.
2025-03-21 05:35:01,278 - DEBUG - Intento de inicio de sesión: dami@dami
2025-03-21 05:35:01,291 - DEBUG - Usuario encontrado en la base de datos
2025-03-21 05:35:01,632 - DEBUG - Contraseña correcta
2025-03-21 05:35:56,827 - DEBUG - Datos recibidos para crear usuario: {'nombre': 'dami', 'email': 'dami@dami', 'password': 'dami', 'rol': 'admin'}
2025-03-21 05:35:57,235 - DEBUG - Usuario creado: <User 19>
2025-03-21 05:37:06,900 - ERROR - Exception on /api/habitaciones [GET]
Traceback (most recent call last):
  File "/opt/shelly_monitoring/venv/lib/python3.12/site-packages/flask/app.py", line 1511, in wsgi_app
    response = self.full_dispatch_request()
               ^^^^^^^^^^^^^^^^^^^^^^^^^^^^
  File "/opt/shelly_monitoring/venv/lib/python3.12/site-packages/flask/app.py", line 919, in full_dispatch_request
    rv = self.handle_user_exception(e)
         ^^^^^^^^^^^^^^^^^^^^^^^^^^^^^
  File "/opt/shelly_monitoring/venv/lib/python3.12/site-packages/flask_cors/extension.py", line 176, in wrapped_function
    return cors_after_request(app.make_response(f(*args, **kwargs)))
                                                ^^^^^^^^^^^^^^^^^^
  File "/opt/shelly_monitoring/venv/lib/python3.12/site-packages/flask/app.py", line 917, in full_dispatch_request
    rv = self.dispatch_request()
         ^^^^^^^^^^^^^^^^^^^^^^^
  File "/opt/shelly_monitoring/venv/lib/python3.12/site-packages/flask/app.py", line 902, in dispatch_request
    return self.ensure_sync(self.view_functions[rule.endpoint])(**view_args)  # type: ignore[no-any-return]
           ^^^^^^^^^^^^^^^^^^^^^^^^^^^^^^^^^^^^^^^^^^^^^^^^^^^^^^^^^^^^^^^^^
  File "/opt/shelly_monitoring/app.py", line 69, in decorated_function
    return f(*args, **kwargs)
           ^^^^^^^^^^^^^^^^^^
  File "/opt/shelly_monitoring/app.py", line 217, in get_habitaciones
    if user.role == 'admin':
       ^^^^^^^^^
AttributeError: 'NoneType' object has no attribute 'role'
2025-03-21 05:37:07,522 - ERROR - Exception on /api/habitaciones [GET]
Traceback (most recent call last):
  File "/opt/shelly_monitoring/venv/lib/python3.12/site-packages/flask/app.py", line 1511, in wsgi_app
    response = self.full_dispatch_request()
               ^^^^^^^^^^^^^^^^^^^^^^^^^^^^
  File "/opt/shelly_monitoring/venv/lib/python3.12/site-packages/flask/app.py", line 919, in full_dispatch_request
    rv = self.handle_user_exception(e)
         ^^^^^^^^^^^^^^^^^^^^^^^^^^^^^
  File "/opt/shelly_monitoring/venv/lib/python3.12/site-packages/flask_cors/extension.py", line 176, in wrapped_function
    return cors_after_request(app.make_response(f(*args, **kwargs)))
                                                ^^^^^^^^^^^^^^^^^^
  File "/opt/shelly_monitoring/venv/lib/python3.12/site-packages/flask/app.py", line 917, in full_dispatch_request
    rv = self.dispatch_request()
         ^^^^^^^^^^^^^^^^^^^^^^^
  File "/opt/shelly_monitoring/venv/lib/python3.12/site-packages/flask/app.py", line 902, in dispatch_request
    return self.ensure_sync(self.view_functions[rule.endpoint])(**view_args)  # type: ignore[no-any-return]
           ^^^^^^^^^^^^^^^^^^^^^^^^^^^^^^^^^^^^^^^^^^^^^^^^^^^^^^^^^^^^^^^^^
  File "/opt/shelly_monitoring/app.py", line 69, in decorated_function
    return f(*args, **kwargs)
           ^^^^^^^^^^^^^^^^^^
  File "/opt/shelly_monitoring/app.py", line 217, in get_habitaciones
    if user.role == 'admin':
       ^^^^^^^^^
AttributeError: 'NoneType' object has no attribute 'role'
2025-03-21 05:48:57,142 - DEBUG - Intento de inicio de sesión: dami@dami
2025-03-21 05:48:57,147 - DEBUG - Usuario encontrado en la base de datos
2025-03-21 05:48:57,490 - DEBUG - Contraseña correcta
2025-03-21 05:54:25,502 - DEBUG - Intento de inicio de sesión: admin@shelly.local
2025-03-21 05:54:25,506 - DEBUG - Usuario encontrado en la base de datos
2025-03-21 05:54:25,846 - DEBUG - Contraseña correcta
2025-03-21 05:59:35,224 - DEBUG - Intento de inicio de sesión: dami@dami
2025-03-21 05:59:35,227 - DEBUG - Usuario encontrado en la base de datos
2025-03-21 05:59:35,566 - DEBUG - Contraseña correcta
2025-03-21 06:03:26,626 - DEBUG - Intento de inicio de sesión: pepe@pepe
2025-03-21 06:03:26,629 - DEBUG - Usuario encontrado en la base de datos
2025-03-21 06:03:26,967 - DEBUG - Contraseña correcta
2025-03-21 06:05:36,533 - DEBUG - Intento de inicio de sesión: mama@mama
2025-03-21 06:05:36,538 - DEBUG - Usuario encontrado en la base de datos
2025-03-21 06:05:36,875 - DEBUG - Contraseña correcta
2025-03-21 06:08:37,217 - DEBUG - Intento de inicio de sesión: admin@shelly.local
2025-03-21 06:08:37,220 - DEBUG - Usuario encontrado en la base de datos
2025-03-21 06:08:37,559 - DEBUG - Contraseña correcta
2025-03-21 06:13:06,603 - DEBUG - Intento de inicio de sesión: admin@shelly.local
2025-03-21 06:13:06,607 - DEBUG - Usuario encontrado en la base de datos
2025-03-21 06:13:06,947 - DEBUG - Contraseña correcta
2025-03-21 06:22:13,446 - DEBUG - Intento de inicio de sesión: admin@shelly.local
2025-03-21 06:22:13,449 - DEBUG - Usuario encontrado en la base de datos
2025-03-21 06:22:13,790 - DEBUG - Contraseña correcta
2025-03-21 06:28:56,066 - DEBUG - Intento de inicio de sesión: admin@shelly.local
2025-03-21 06:28:56,069 - DEBUG - Usuario encontrado en la base de datos
2025-03-21 06:28:56,412 - DEBUG - Contraseña correcta
2025-03-21 06:49:28,524 - DEBUG - Intento de inicio de sesión: admin@shelly.local
2025-03-21 06:49:28,532 - DEBUG - Usuario encontrado en la base de datos
2025-03-21 06:49:28,870 - DEBUG - Contraseña correcta
2025-03-21 06:56:13,439 - DEBUG - Intento de inicio de sesión: admin@shelly.local
2025-03-21 06:56:13,442 - DEBUG - Usuario encontrado en la base de datos
2025-03-21 06:56:13,782 - DEBUG - Contraseña correcta
2025-03-21 07:01:04,600 - DEBUG - Intento de inicio de sesión: admin@shelly.local
2025-03-21 07:01:04,602 - DEBUG - Usuario encontrado en la base de datos
2025-03-21 07:01:04,943 - DEBUG - Contraseña correcta
2025-03-21 07:18:56,484 - DEBUG - Intento de inicio de sesión: admin@shelly.local
2025-03-21 07:18:56,489 - DEBUG - Usuario encontrado en la base de datos
2025-03-21 07:18:56,834 - DEBUG - Contraseña correcta
2025-03-21 07:22:49,100 - DEBUG - Intento de inicio de sesión: admin@shelly.local
2025-03-21 07:22:49,104 - DEBUG - Usuario encontrado en la base de datos
2025-03-21 07:22:49,445 - DEBUG - Contraseña correcta
2025-03-21 08:02:43,298 - DEBUG - Intento de inicio de sesión: admin@shelly.local
2025-03-21 08:02:43,305 - DEBUG - Usuario encontrado en la base de datos
2025-03-21 08:02:43,645 - DEBUG - Contraseña correcta
2025-03-21 09:03:12,030 - DEBUG - Intento de inicio de sesión: admin@shelly.local
2025-03-21 09:03:12,039 - DEBUG - Usuario encontrado en la base de datos
2025-03-21 09:03:12,378 - DEBUG - Contraseña correcta
2025-03-21 09:09:57,163 - DEBUG - Intento de inicio de sesión: admin@shelly.local
2025-03-21 09:09:57,166 - DEBUG - Usuario encontrado en la base de datos
2025-03-21 09:09:57,506 - DEBUG - Contraseña correcta
2025-03-21 09:16:58,473 - DEBUG - Intento de inicio de sesión: admin@shelly.local
2025-03-21 09:16:58,475 - DEBUG - Usuario encontrado en la base de datos
2025-03-21 09:16:58,817 - DEBUG - Contraseña correcta
2025-03-21 09:19:39,873 - DEBUG - Intento de inicio de sesión: admin@shelly.local
2025-03-21 09:19:39,876 - DEBUG - Usuario encontrado en la base de datos
2025-03-21 09:19:40,214 - DEBUG - Contraseña correcta
2025-03-21 09:22:24,534 - DEBUG - Intento de inicio de sesión: admin@shelly.local
2025-03-21 09:22:24,537 - DEBUG - Usuario encontrado en la base de datos
2025-03-21 09:22:24,877 - DEBUG - Contraseña correcta
2025-03-21 09:25:22,446 - DEBUG - Intento de inicio de sesión: admin@shelly.local
2025-03-21 09:25:22,453 - DEBUG - Usuario encontrado en la base de datos
2025-03-21 09:25:22,796 - DEBUG - Contraseña correcta
2025-03-21 09:36:33,664 - DEBUG - Intento de inicio de sesión: admin@shelly.local
2025-03-21 09:36:33,669 - DEBUG - Usuario encontrado en la base de datos
2025-03-21 09:36:34,008 - DEBUG - Contraseña correcta
2025-03-21 09:48:38,787 - DEBUG - Intento de inicio de sesión: admin@shelly.local
2025-03-21 09:48:38,790 - DEBUG - Usuario encontrado en la base de datos
2025-03-21 09:48:39,131 - DEBUG - Contraseña correcta
2025-03-21 09:50:20,961 - DEBUG - Intento de inicio de sesión: dami@dami
2025-03-21 09:50:20,964 - DEBUG - Usuario encontrado en la base de datos
2025-03-21 09:50:21,301 - DEBUG - Contraseña correcta
2025-03-21 09:52:22,802 - DEBUG - Intento de inicio de sesión: admin@shelly.local
2025-03-21 09:52:22,804 - DEBUG - Usuario encontrado en la base de datos
2025-03-21 09:52:23,143 - DEBUG - Contraseña correcta
2025-03-21 13:31:15,803 - DEBUG - Intento de inicio de sesión: admin@shelly.local
2025-03-21 13:31:15,806 - DEBUG - Usuario encontrado en la base de datos
2025-03-21 13:31:16,146 - DEBUG - Contraseña correcta
2025-03-21 14:33:29,455 - DEBUG - Intento de inicio de sesión: admin@shelly.local
2025-03-21 14:33:29,458 - DEBUG - Usuario encontrado en la base de datos
2025-03-21 14:33:29,799 - DEBUG - Contraseña correcta
2025-03-21 14:49:16,607 - DEBUG - Intento de inicio de sesión: admin@shelly.local
2025-03-21 14:49:16,610 - DEBUG - Usuario encontrado en la base de datos
2025-03-21 14:49:16,950 - DEBUG - Contraseña correcta
2025-03-21 14:57:11,074 - DEBUG - Intento de inicio de sesión: admin@shelly.local
2025-03-21 14:57:11,079 - DEBUG - Usuario encontrado en la base de datos
2025-03-21 14:57:11,418 - DEBUG - Contraseña correcta
2025-03-21 17:19:04,634 - INFO - 🔧 Backend Flask iniciado.
2025-03-21 17:21:18,685 - DEBUG - Intento de inicio de sesión: admin@shelly.local
2025-03-21 17:21:18,701 - DEBUG - Usuario encontrado en la base de datos
2025-03-21 17:21:19,041 - DEBUG - Contraseña correcta
2025-03-21 20:16:59,600 - DEBUG - Intento de inicio de sesión: admin@shelly.local
2025-03-21 20:16:59,606 - DEBUG - Usuario encontrado en la base de datos
2025-03-21 20:16:59,948 - DEBUG - Contraseña correcta
2025-03-22 01:50:10,869 - INFO - 🔧 Backend Flask iniciado.
2025-03-22 01:50:49,360 - DEBUG - Intento de inicio de sesión: admin@shelly.local
2025-03-22 01:50:49,370 - DEBUG - Usuario encontrado en la base de datos
2025-03-22 01:50:49,710 - DEBUG - Contraseña correcta
2025-03-24 02:16:51,412 - INFO - 🔧 Backend Flask iniciado.
2025-03-24 02:18:36,170 - DEBUG - Intento de inicio de sesión: admin@shelly.local
2025-03-24 02:18:36,187 - DEBUG - Usuario encontrado en la base de datos
2025-03-24 02:18:36,526 - DEBUG - Contraseña correcta
2025-03-24 02:54:25,504 - INFO - 🔧 Backend Flask iniciado.
2025-03-24 02:56:46,033 - DEBUG - Intento de inicio de sesión: admin@shelly.local
2025-03-24 02:56:46,043 - DEBUG - Usuario encontrado en la base de datos
2025-03-24 02:56:46,383 - DEBUG - Contraseña correcta
2025-03-24 03:00:31,493 - INFO - 🔧 Backend Flask iniciado.
2025-03-24 03:01:22,915 - DEBUG - Intento de inicio de sesión: admin@shelly.local
2025-03-24 03:01:22,925 - DEBUG - Usuario encontrado en la base de datos
2025-03-24 03:01:23,265 - DEBUG - Contraseña correcta
2025-03-24 03:08:26,711 - DEBUG - Intento de inicio de sesión: admin@shelly.local
2025-03-24 03:08:26,717 - DEBUG - Usuario encontrado en la base de datos
2025-03-24 03:08:27,061 - DEBUG - Contraseña correcta
2025-03-24 20:49:26,164 - INFO - 🔧 Backend Flask iniciado.
2025-03-24 20:51:54,019 - DEBUG - Intento de inicio de sesión: admin@shelly.local
2025-03-24 20:51:54,036 - DEBUG - Usuario encontrado en la base de datos
2025-03-24 20:51:54,373 - DEBUG - Contraseña correcta
2025-03-24 21:06:48,930 - DEBUG - Intento de inicio de sesión: admin@shelly.local
2025-03-24 21:06:48,933 - DEBUG - Usuario encontrado en la base de datos
2025-03-24 21:06:49,271 - DEBUG - Contraseña correcta
2025-03-24 21:17:42,809 - DEBUG - Intento de inicio de sesión: admin@shelly.local
2025-03-24 21:17:42,820 - DEBUG - Usuario encontrado en la base de datos
2025-03-24 21:17:43,161 - DEBUG - Contraseña correcta
2025-03-24 21:25:09,472 - DEBUG - Intento de inicio de sesión: admin@shelly.local
2025-03-24 21:25:09,475 - DEBUG - Usuario encontrado en la base de datos
2025-03-24 21:25:09,815 - DEBUG - Contraseña correcta
2025-03-24 21:40:42,322 - DEBUG - Intento de inicio de sesión: admin@shelly.local
2025-03-24 21:40:42,325 - DEBUG - Usuario encontrado en la base de datos
2025-03-24 21:40:42,665 - DEBUG - Contraseña correcta
2025-03-24 21:52:36,118 - DEBUG - Intento de inicio de sesión: admin@shelly.local
2025-03-24 21:52:36,124 - DEBUG - Usuario encontrado en la base de datos
2025-03-24 21:52:36,466 - DEBUG - Contraseña correcta
2025-03-24 22:09:43,696 - DEBUG - Intento de inicio de sesión: admin@shelly.local
2025-03-24 22:09:43,699 - DEBUG - Usuario encontrado en la base de datos
2025-03-24 22:09:44,038 - DEBUG - Contraseña correcta
2025-03-24 22:35:47,012 - DEBUG - Intento de inicio de sesión: admin@shelly.local
2025-03-24 22:35:47,019 - DEBUG - Usuario encontrado en la base de datos
2025-03-24 22:35:47,358 - DEBUG - Contraseña correcta
2025-03-27 04:14:42,049 - INFO - 🔧 Backend Flask iniciado.
2025-03-27 04:14:42,120 - INFO - 📢 Iniciando servidor en 0.0.0.0:8000 con SSL habilitado.
2025-03-27 04:14:48,218 - INFO - 🔧 Backend Flask iniciado.
2025-03-27 04:14:48,285 - INFO - 📢 Iniciando servidor en 0.0.0.0:8000 con SSL habilitado.
2025-03-27 04:14:54,476 - INFO - 🔧 Backend Flask iniciado.
2025-03-27 04:14:54,541 - INFO - 📢 Iniciando servidor en 0.0.0.0:8000 con SSL habilitado.
2025-03-27 04:15:00,703 - INFO - 🔧 Backend Flask iniciado.
2025-03-27 04:15:00,768 - INFO - 📢 Iniciando servidor en 0.0.0.0:8000 con SSL habilitado.
2025-03-27 04:15:06,956 - INFO - 🔧 Backend Flask iniciado.
2025-03-27 04:15:07,023 - INFO - 📢 Iniciando servidor en 0.0.0.0:8000 con SSL habilitado.
2025-03-27 04:15:13,216 - INFO - 🔧 Backend Flask iniciado.
2025-03-27 04:15:13,283 - INFO - 📢 Iniciando servidor en 0.0.0.0:8000 con SSL habilitado.
2025-03-27 04:15:19,458 - INFO - 🔧 Backend Flask iniciado.
2025-03-27 04:15:19,526 - INFO - 📢 Iniciando servidor en 0.0.0.0:8000 con SSL habilitado.
2025-03-27 04:15:25,734 - INFO - 🔧 Backend Flask iniciado.
2025-03-27 04:15:25,801 - INFO - 📢 Iniciando servidor en 0.0.0.0:8000 con SSL habilitado.
2025-03-27 04:15:31,964 - INFO - 🔧 Backend Flask iniciado.
2025-03-27 04:15:32,033 - INFO - 📢 Iniciando servidor en 0.0.0.0:8000 con SSL habilitado.
2025-03-27 04:15:38,214 - INFO - 🔧 Backend Flask iniciado.
2025-03-27 04:15:38,282 - INFO - 📢 Iniciando servidor en 0.0.0.0:8000 con SSL habilitado.
2025-03-27 04:15:44,482 - INFO - 🔧 Backend Flask iniciado.
2025-03-27 04:15:44,550 - INFO - 📢 Iniciando servidor en 0.0.0.0:8000 con SSL habilitado.
2025-03-27 04:15:50,726 - INFO - 🔧 Backend Flask iniciado.
2025-03-27 04:15:50,793 - INFO - 📢 Iniciando servidor en 0.0.0.0:8000 con SSL habilitado.
2025-03-27 04:15:56,958 - INFO - 🔧 Backend Flask iniciado.
2025-03-27 04:15:57,026 - INFO - 📢 Iniciando servidor en 0.0.0.0:8000 con SSL habilitado.
2025-03-27 04:15:57,031 - INFO - [31m[1mWARNING: This is a development server. Do not use it in a production deployment. Use a production WSGI server instead.[0m
 * Running on all addresses (0.0.0.0)
 * Running on https://127.0.0.1:8000
 * Running on https://172.16.10.222:8000
2025-03-27 04:15:57,032 - INFO - [33mPress CTRL+C to quit[0m
2025-03-27 04:16:44,278 - INFO - 10.1.5.99 - - [27/Mar/2025 04:16:44] "OPTIONS /api/login HTTP/1.1" 200 -
2025-03-27 04:16:44,301 - DEBUG - Intento de inicio de sesión: admin@shelly.local
2025-03-27 04:16:44,312 - DEBUG - Usuario encontrado en la base de datos
2025-03-27 04:16:44,652 - DEBUG - Contraseña correcta
2025-03-27 04:16:44,654 - INFO - 10.1.5.99 - - [27/Mar/2025 04:16:44] "POST /api/login HTTP/1.1" 200 -
2025-03-27 04:16:44,686 - INFO - 10.1.5.99 - - [27/Mar/2025 04:16:44] "OPTIONS /api/roles/admin/permissions HTTP/1.1" 200 -
2025-03-27 04:16:44,712 - INFO - 10.1.5.99 - - [27/Mar/2025 04:16:44] "GET /api/roles/admin/permissions HTTP/1.1" 200 -
2025-03-27 04:16:44,774 - INFO - 10.1.5.99 - - [27/Mar/2025 04:16:44] "OPTIONS /api/tableros HTTP/1.1" 200 -
2025-03-27 04:16:44,784 - INFO - 10.1.5.99 - - [27/Mar/2025 04:16:44] "OPTIONS /api/tableros HTTP/1.1" 200 -
2025-03-27 04:16:44,816 - INFO - 10.1.5.99 - - [27/Mar/2025 04:16:44] "GET /api/tableros HTTP/1.1" 200 -
2025-03-27 04:16:44,827 - INFO - 10.1.5.99 - - [27/Mar/2025 04:16:44] "GET /api/tableros HTTP/1.1" 200 -
2025-03-27 04:16:44,948 - INFO - 10.1.5.99 - - [27/Mar/2025 04:16:44] "OPTIONS /api/tableros/2/habitaciones HTTP/1.1" 200 -
2025-03-27 04:16:44,956 - INFO - 10.1.5.99 - - [27/Mar/2025 04:16:44] "OPTIONS /api/dispositivos HTTP/1.1" 200 -
2025-03-27 04:16:44,963 - INFO - 10.1.5.99 - - [27/Mar/2025 04:16:44] "OPTIONS /api/tableros/2/habitaciones HTTP/1.1" 200 -
2025-03-27 04:16:44,973 - INFO - 10.1.5.99 - - [27/Mar/2025 04:16:44] "OPTIONS /api/tableros/2/habitaciones HTTP/1.1" 200 -
2025-03-27 04:16:44,993 - INFO - 10.1.5.99 - - [27/Mar/2025 04:16:44] "GET /api/tableros/2/habitaciones HTTP/1.1" 200 -
2025-03-27 04:16:45,014 - INFO - 10.1.5.99 - - [27/Mar/2025 04:16:45] "GET /api/tableros/2/habitaciones HTTP/1.1" 200 -
2025-03-27 04:16:45,024 - INFO - 10.1.5.99 - - [27/Mar/2025 04:16:45] "GET /api/dispositivos HTTP/1.1" 200 -
2025-03-27 04:16:45,041 - INFO - 10.1.5.99 - - [27/Mar/2025 04:16:45] "OPTIONS /api/tableros/3/habitaciones HTTP/1.1" 200 -
2025-03-27 04:16:45,072 - INFO - 10.1.5.99 - - [27/Mar/2025 04:16:45] "GET /api/tableros/2/habitaciones HTTP/1.1" 200 -
2025-03-27 04:16:45,101 - INFO - 10.1.5.99 - - [27/Mar/2025 04:16:45] "GET /api/tableros/3/habitaciones HTTP/1.1" 200 -
2025-03-27 04:16:45,248 - INFO - 10.1.5.99 - - [27/Mar/2025 04:16:45] "OPTIONS /api/tableros/4/habitaciones HTTP/1.1" 200 -
2025-03-27 04:16:45,277 - INFO - 10.1.5.99 - - [27/Mar/2025 04:16:45] "GET /api/tableros/4/habitaciones HTTP/1.1" 200 -
2025-03-27 04:16:45,323 - INFO - 10.1.5.99 - - [27/Mar/2025 04:16:45] "OPTIONS /api/tableros/5/habitaciones HTTP/1.1" 200 -
2025-03-27 04:16:45,359 - INFO - 10.1.5.99 - - [27/Mar/2025 04:16:45] "GET /api/tableros/5/habitaciones HTTP/1.1" 200 -
2025-03-27 04:16:45,386 - INFO - 10.1.5.99 - - [27/Mar/2025 04:16:45] "OPTIONS /api/tableros/6/habitaciones HTTP/1.1" 200 -
2025-03-27 04:16:45,413 - INFO - 10.1.5.99 - - [27/Mar/2025 04:16:45] "GET /api/tableros/6/habitaciones HTTP/1.1" 200 -
2025-03-27 04:16:45,507 - INFO - 10.1.5.99 - - [27/Mar/2025 04:16:45] "OPTIONS /api/dispositivos HTTP/1.1" 200 -
2025-03-27 04:16:45,599 - INFO - 10.1.5.99 - - [27/Mar/2025 04:16:45] "GET /api/dispositivos HTTP/1.1" 200 -
2025-03-27 04:16:55,372 - INFO - 10.1.5.99 - - [27/Mar/2025 04:16:55] "OPTIONS /api/tableros/3/habitaciones HTTP/1.1" 200 -
2025-03-27 04:16:55,383 - INFO - 10.1.5.99 - - [27/Mar/2025 04:16:55] "OPTIONS /api/tableros/3/habitaciones HTTP/1.1" 200 -
2025-03-27 04:16:55,405 - INFO - 10.1.5.99 - - [27/Mar/2025 04:16:55] "GET /api/tableros/3/habitaciones HTTP/1.1" 200 -
2025-03-27 04:16:55,423 - INFO - 10.1.5.99 - - [27/Mar/2025 04:16:55] "GET /api/tableros/3/habitaciones HTTP/1.1" 200 -
2025-03-27 04:16:56,586 - INFO - 10.1.5.99 - - [27/Mar/2025 04:16:56] "OPTIONS /api/habitaciones/9/dispositivos HTTP/1.1" 200 -
2025-03-27 04:16:56,625 - INFO - 10.1.5.99 - - [27/Mar/2025 04:16:56] "GET /api/habitaciones/9/dispositivos HTTP/1.1" 200 -
2025-03-27 04:16:59,725 - INFO - 10.1.5.99 - - [27/Mar/2025 04:16:59] "OPTIONS /api/tableros/4/habitaciones HTTP/1.1" 200 -
2025-03-27 04:16:59,736 - INFO - 10.1.5.99 - - [27/Mar/2025 04:16:59] "OPTIONS /api/tableros/4/habitaciones HTTP/1.1" 200 -
2025-03-27 04:16:59,760 - INFO - 10.1.5.99 - - [27/Mar/2025 04:16:59] "GET /api/tableros/4/habitaciones HTTP/1.1" 200 -
2025-03-27 04:16:59,769 - INFO - 10.1.5.99 - - [27/Mar/2025 04:16:59] "GET /api/tableros/4/habitaciones HTTP/1.1" 200 -
2025-03-27 04:17:00,323 - INFO - 10.1.5.99 - - [27/Mar/2025 04:17:00] "OPTIONS /api/tableros/5/habitaciones HTTP/1.1" 200 -
2025-03-27 04:17:00,361 - INFO - 10.1.5.99 - - [27/Mar/2025 04:17:00] "OPTIONS /api/tableros/5/habitaciones HTTP/1.1" 200 -
2025-03-27 04:17:00,381 - INFO - 10.1.5.99 - - [27/Mar/2025 04:17:00] "GET /api/tableros/5/habitaciones HTTP/1.1" 200 -
2025-03-27 04:17:00,395 - INFO - 10.1.5.99 - - [27/Mar/2025 04:17:00] "GET /api/tableros/5/habitaciones HTTP/1.1" 200 -
2025-03-27 04:17:00,674 - INFO - 10.1.5.99 - - [27/Mar/2025 04:17:00] "OPTIONS /api/tableros/6/habitaciones HTTP/1.1" 200 -
2025-03-27 04:17:00,682 - INFO - 10.1.5.99 - - [27/Mar/2025 04:17:00] "OPTIONS /api/tableros/6/habitaciones HTTP/1.1" 200 -
2025-03-27 04:17:00,709 - INFO - 10.1.5.99 - - [27/Mar/2025 04:17:00] "GET /api/tableros/6/habitaciones HTTP/1.1" 200 -
2025-03-27 04:17:00,717 - INFO - 10.1.5.99 - - [27/Mar/2025 04:17:00] "GET /api/tableros/6/habitaciones HTTP/1.1" 200 -
2025-03-27 04:17:25,394 - INFO - 10.1.5.99 - - [27/Mar/2025 04:17:25] "OPTIONS /api/dispositivos HTTP/1.1" 200 -
2025-03-27 04:17:25,436 - INFO - 10.1.5.99 - - [27/Mar/2025 04:17:25] "GET /api/dispositivos HTTP/1.1" 200 -
2025-03-27 04:26:27,856 - INFO - 10.1.5.99 - - [27/Mar/2025 04:26:27] "OPTIONS /api/habitaciones HTTP/1.1" 200 -
2025-03-27 04:26:27,894 - INFO - 10.1.5.99 - - [27/Mar/2025 04:26:27] "GET /api/habitaciones HTTP/1.1" 200 -
2025-03-27 04:27:00,201 - INFO - 10.1.5.99 - - [27/Mar/2025 04:27:00] "OPTIONS /api/habitaciones HTTP/1.1" 200 -
2025-03-27 04:27:00,268 - INFO - 10.1.5.99 - - [27/Mar/2025 04:27:00] "GET /api/habitaciones HTTP/1.1" 200 -
2025-03-27 04:27:08,039 - INFO - 10.1.5.99 - - [27/Mar/2025 04:27:08] "OPTIONS /api/habitaciones HTTP/1.1" 200 -
2025-03-27 04:27:08,080 - INFO - 10.1.5.99 - - [27/Mar/2025 04:27:08] "GET /api/habitaciones HTTP/1.1" 200 -
2025-03-27 04:27:37,699 - INFO - 10.1.5.99 - - [27/Mar/2025 04:27:37] "OPTIONS /api/habitaciones HTTP/1.1" 200 -
2025-03-27 04:27:37,731 - INFO - 10.1.5.99 - - [27/Mar/2025 04:27:37] "GET /api/habitaciones HTTP/1.1" 200 -
2025-03-27 04:29:10,809 - INFO - 10.1.5.99 - - [27/Mar/2025 04:29:10] "OPTIONS /api/tableros HTTP/1.1" 200 -
2025-03-27 04:29:10,819 - INFO - 10.1.5.99 - - [27/Mar/2025 04:29:10] "OPTIONS /api/tableros HTTP/1.1" 200 -
2025-03-27 04:29:10,846 - INFO - 10.1.5.99 - - [27/Mar/2025 04:29:10] "GET /api/tableros HTTP/1.1" 200 -
2025-03-27 04:29:10,854 - INFO - 10.1.5.99 - - [27/Mar/2025 04:29:10] "GET /api/tableros HTTP/1.1" 200 -
2025-03-27 04:29:10,904 - INFO - 10.1.5.99 - - [27/Mar/2025 04:29:10] "OPTIONS /api/dispositivos HTTP/1.1" 200 -
2025-03-27 04:29:10,913 - INFO - 10.1.5.99 - - [27/Mar/2025 04:29:10] "OPTIONS /api/tableros/2/habitaciones HTTP/1.1" 200 -
2025-03-27 04:29:10,922 - INFO - 10.1.5.99 - - [27/Mar/2025 04:29:10] "OPTIONS /api/tableros/2/habitaciones HTTP/1.1" 200 -
2025-03-27 04:29:10,933 - INFO - 10.1.5.99 - - [27/Mar/2025 04:29:10] "OPTIONS /api/tableros/2/habitaciones HTTP/1.1" 200 -
2025-03-27 04:29:10,965 - INFO - 10.1.5.99 - - [27/Mar/2025 04:29:10] "GET /api/dispositivos HTTP/1.1" 200 -
2025-03-27 04:29:10,986 - INFO - 10.1.5.99 - - [27/Mar/2025 04:29:10] "GET /api/tableros/2/habitaciones HTTP/1.1" 200 -
2025-03-27 04:29:11,012 - INFO - 10.1.5.99 - - [27/Mar/2025 04:29:11] "GET /api/tableros/2/habitaciones HTTP/1.1" 200 -
2025-03-27 04:29:11,023 - INFO - 10.1.5.99 - - [27/Mar/2025 04:29:11] "GET /api/tableros/2/habitaciones HTTP/1.1" 200 -
2025-03-27 04:29:11,106 - INFO - 10.1.5.99 - - [27/Mar/2025 04:29:11] "OPTIONS /api/tableros/3/habitaciones HTTP/1.1" 200 -
2025-03-27 04:29:11,147 - INFO - 10.1.5.99 - - [27/Mar/2025 04:29:11] "GET /api/tableros/3/habitaciones HTTP/1.1" 200 -
2025-03-27 04:29:11,209 - INFO - 10.1.5.99 - - [27/Mar/2025 04:29:11] "OPTIONS /api/tableros/4/habitaciones HTTP/1.1" 200 -
2025-03-27 04:29:11,241 - INFO - 10.1.5.99 - - [27/Mar/2025 04:29:11] "GET /api/tableros/4/habitaciones HTTP/1.1" 200 -
2025-03-27 04:29:11,266 - INFO - 10.1.5.99 - - [27/Mar/2025 04:29:11] "OPTIONS /api/tableros/5/habitaciones HTTP/1.1" 200 -
2025-03-27 04:29:11,295 - INFO - 10.1.5.99 - - [27/Mar/2025 04:29:11] "GET /api/tableros/5/habitaciones HTTP/1.1" 200 -
2025-03-27 04:29:11,320 - INFO - 10.1.5.99 - - [27/Mar/2025 04:29:11] "OPTIONS /api/tableros/6/habitaciones HTTP/1.1" 200 -
2025-03-27 04:29:11,352 - INFO - 10.1.5.99 - - [27/Mar/2025 04:29:11] "GET /api/tableros/6/habitaciones HTTP/1.1" 200 -
2025-03-27 04:29:11,435 - INFO - 10.1.5.99 - - [27/Mar/2025 04:29:11] "OPTIONS /api/dispositivos HTTP/1.1" 200 -
2025-03-27 04:29:11,471 - INFO - 10.1.5.99 - - [27/Mar/2025 04:29:11] "GET /api/dispositivos HTTP/1.1" 200 -
2025-03-27 04:29:19,415 - INFO - 10.1.5.99 - - [27/Mar/2025 04:29:19] "OPTIONS /api/dispositivos HTTP/1.1" 200 -
2025-03-27 04:29:19,451 - INFO - 10.1.5.99 - - [27/Mar/2025 04:29:19] "GET /api/dispositivos HTTP/1.1" 200 -
2025-03-27 04:29:21,446 - INFO - 10.1.5.99 - - [27/Mar/2025 04:29:21] "OPTIONS /api/usuarios HTTP/1.1" 200 -
2025-03-27 04:29:21,456 - INFO - 10.1.5.99 - - [27/Mar/2025 04:29:21] "OPTIONS /api/habitaciones HTTP/1.1" 200 -
2025-03-27 04:29:21,482 - INFO - 10.1.5.99 - - [27/Mar/2025 04:29:21] "GET /api/usuarios HTTP/1.1" 200 -
2025-03-27 04:29:21,508 - INFO - 10.1.5.99 - - [27/Mar/2025 04:29:21] "GET /api/habitaciones HTTP/1.1" 200 -
2025-03-27 04:29:21,571 - INFO - 10.1.5.99 - - [27/Mar/2025 04:29:21] "OPTIONS /api/get_user_permissions/21 HTTP/1.1" 200 -
2025-03-27 04:29:21,578 - INFO - 10.1.5.99 - - [27/Mar/2025 04:29:21] "OPTIONS /api/get_user_permissions/22 HTTP/1.1" 200 -
2025-03-27 04:29:21,589 - INFO - 10.1.5.99 - - [27/Mar/2025 04:29:21] "OPTIONS /api/get_user_permissions/23 HTTP/1.1" 200 -
2025-03-27 04:29:21,595 - INFO - 10.1.5.99 - - [27/Mar/2025 04:29:21] "OPTIONS /api/get_user_permissions/1 HTTP/1.1" 200 -
2025-03-27 04:29:21,610 - INFO - 10.1.5.99 - - [27/Mar/2025 04:29:21] "OPTIONS /api/get_user_permissions/19 HTTP/1.1" 200 -
2025-03-27 04:29:21,619 - INFO - 10.1.5.99 - - [27/Mar/2025 04:29:21] "OPTIONS /api/get_user_permissions/20 HTTP/1.1" 200 -
2025-03-27 04:29:21,652 - INFO - 10.1.5.99 - - [27/Mar/2025 04:29:21] "GET /api/get_user_permissions/21 HTTP/1.1" 200 -
2025-03-27 04:29:21,662 - INFO - 10.1.5.99 - - [27/Mar/2025 04:29:21] "GET /api/get_user_permissions/22 HTTP/1.1" 200 -
2025-03-27 04:29:21,669 - INFO - 10.1.5.99 - - [27/Mar/2025 04:29:21] "GET /api/get_user_permissions/23 HTTP/1.1" 200 -
2025-03-27 04:29:21,677 - INFO - 10.1.5.99 - - [27/Mar/2025 04:29:21] "GET /api/get_user_permissions/1 HTTP/1.1" 200 -
2025-03-27 04:29:21,688 - INFO - 10.1.5.99 - - [27/Mar/2025 04:29:21] "GET /api/get_user_permissions/19 HTTP/1.1" 200 -
2025-03-27 04:29:21,689 - INFO - 10.1.5.99 - - [27/Mar/2025 04:29:21] "GET /api/get_user_permissions/20 HTTP/1.1" 200 -
2025-03-27 04:29:23,749 - INFO - 10.1.5.99 - - [27/Mar/2025 04:29:23] "OPTIONS /api/get_user_permissions/21 HTTP/1.1" 200 -
2025-03-27 04:29:23,781 - INFO - 10.1.5.99 - - [27/Mar/2025 04:29:23] "GET /api/get_user_permissions/21 HTTP/1.1" 200 -
2025-03-27 04:31:13,271 - INFO - 10.1.5.99 - - [27/Mar/2025 04:31:13] "OPTIONS /api/dispositivos HTTP/1.1" 200 -
2025-03-27 04:31:13,316 - INFO - 10.1.5.99 - - [27/Mar/2025 04:31:13] "GET /api/dispositivos HTTP/1.1" 200 -
2025-03-27 04:59:59,702 - INFO - 10.1.5.99 - - [27/Mar/2025 04:59:59] "OPTIONS /api/dispositivos HTTP/1.1" 200 -
2025-03-27 04:59:59,737 - INFO - 10.1.5.99 - - [27/Mar/2025 04:59:59] "GET /api/dispositivos HTTP/1.1" 200 -
2025-03-27 05:00:11,108 - INFO - 10.1.5.99 - - [27/Mar/2025 05:00:11] "OPTIONS /api/habitaciones HTTP/1.1" 200 -
2025-03-27 05:00:11,140 - INFO - 10.1.5.99 - - [27/Mar/2025 05:00:11] "GET /api/habitaciones HTTP/1.1" 200 -
2025-03-27 05:01:07,108 - INFO - 10.1.5.99 - - [27/Mar/2025 05:01:07] "OPTIONS /api/usuarios HTTP/1.1" 200 -
2025-03-27 05:01:07,124 - INFO - 10.1.5.99 - - [27/Mar/2025 05:01:07] "OPTIONS /api/habitaciones HTTP/1.1" 200 -
2025-03-27 05:01:07,139 - INFO - 10.1.5.99 - - [27/Mar/2025 05:01:07] "GET /api/usuarios HTTP/1.1" 200 -
2025-03-27 05:01:07,160 - INFO - 10.1.5.99 - - [27/Mar/2025 05:01:07] "GET /api/habitaciones HTTP/1.1" 200 -
2025-03-27 05:01:07,210 - INFO - 10.1.5.99 - - [27/Mar/2025 05:01:07] "OPTIONS /api/get_user_permissions/19 HTTP/1.1" 200 -
2025-03-27 05:01:07,219 - INFO - 10.1.5.99 - - [27/Mar/2025 05:01:07] "OPTIONS /api/get_user_permissions/20 HTTP/1.1" 200 -
2025-03-27 05:01:07,235 - INFO - 10.1.5.99 - - [27/Mar/2025 05:01:07] "OPTIONS /api/get_user_permissions/21 HTTP/1.1" 200 -
2025-03-27 05:01:07,244 - INFO - 10.1.5.99 - - [27/Mar/2025 05:01:07] "OPTIONS /api/get_user_permissions/22 HTTP/1.1" 200 -
2025-03-27 05:01:07,253 - INFO - 10.1.5.99 - - [27/Mar/2025 05:01:07] "OPTIONS /api/get_user_permissions/23 HTTP/1.1" 200 -
2025-03-27 05:01:07,261 - INFO - 10.1.5.99 - - [27/Mar/2025 05:01:07] "OPTIONS /api/get_user_permissions/1 HTTP/1.1" 200 -
2025-03-27 05:01:07,291 - INFO - 10.1.5.99 - - [27/Mar/2025 05:01:07] "GET /api/get_user_permissions/22 HTTP/1.1" 200 -
2025-03-27 05:01:07,304 - INFO - 10.1.5.99 - - [27/Mar/2025 05:01:07] "GET /api/get_user_permissions/1 HTTP/1.1" 200 -
2025-03-27 05:01:07,311 - INFO - 10.1.5.99 - - [27/Mar/2025 05:01:07] "GET /api/get_user_permissions/20 HTTP/1.1" 200 -
2025-03-27 05:01:07,327 - INFO - 10.1.5.99 - - [27/Mar/2025 05:01:07] "GET /api/get_user_permissions/23 HTTP/1.1" 200 -
2025-03-27 05:01:07,330 - INFO - 10.1.5.99 - - [27/Mar/2025 05:01:07] "GET /api/get_user_permissions/19 HTTP/1.1" 200 -
2025-03-27 05:01:07,335 - INFO - 10.1.5.99 - - [27/Mar/2025 05:01:07] "GET /api/get_user_permissions/21 HTTP/1.1" 200 -
2025-03-27 05:01:08,783 - INFO - 10.1.5.99 - - [27/Mar/2025 05:01:08] "GET /api/get_user_permissions/21 HTTP/1.1" 200 -
2025-03-27 05:01:47,151 - INFO - 10.1.5.99 - - [27/Mar/2025 05:01:47] "OPTIONS /api/dispositivos HTTP/1.1" 200 -
2025-03-27 05:01:47,186 - INFO - 10.1.5.99 - - [27/Mar/2025 05:01:47] "GET /api/dispositivos HTTP/1.1" 200 -
2025-03-27 05:05:27,481 - INFO - 10.1.5.99 - - [27/Mar/2025 05:05:27] "OPTIONS /api/usuarios HTTP/1.1" 200 -
2025-03-27 05:05:27,490 - INFO - 10.1.5.99 - - [27/Mar/2025 05:05:27] "OPTIONS /api/habitaciones HTTP/1.1" 200 -
2025-03-27 05:05:27,511 - INFO - 10.1.5.99 - - [27/Mar/2025 05:05:27] "GET /api/usuarios HTTP/1.1" 200 -
2025-03-27 05:05:27,521 - INFO - 10.1.5.99 - - [27/Mar/2025 05:05:27] "GET /api/habitaciones HTTP/1.1" 200 -
2025-03-27 05:05:27,576 - INFO - 10.1.5.99 - - [27/Mar/2025 05:05:27] "OPTIONS /api/get_user_permissions/1 HTTP/1.1" 200 -
2025-03-27 05:05:27,586 - INFO - 10.1.5.99 - - [27/Mar/2025 05:05:27] "OPTIONS /api/get_user_permissions/19 HTTP/1.1" 200 -
2025-03-27 05:05:27,592 - INFO - 10.1.5.99 - - [27/Mar/2025 05:05:27] "OPTIONS /api/get_user_permissions/20 HTTP/1.1" 200 -
2025-03-27 05:05:27,599 - INFO - 10.1.5.99 - - [27/Mar/2025 05:05:27] "OPTIONS /api/get_user_permissions/21 HTTP/1.1" 200 -
2025-03-27 05:05:27,607 - INFO - 10.1.5.99 - - [27/Mar/2025 05:05:27] "OPTIONS /api/get_user_permissions/22 HTTP/1.1" 200 -
2025-03-27 05:05:27,615 - INFO - 10.1.5.99 - - [27/Mar/2025 05:05:27] "OPTIONS /api/get_user_permissions/23 HTTP/1.1" 200 -
2025-03-27 05:05:27,653 - INFO - 10.1.5.99 - - [27/Mar/2025 05:05:27] "GET /api/get_user_permissions/1 HTTP/1.1" 200 -
2025-03-27 05:05:27,660 - INFO - 10.1.5.99 - - [27/Mar/2025 05:05:27] "GET /api/get_user_permissions/19 HTTP/1.1" 200 -
2025-03-27 05:05:27,668 - INFO - 10.1.5.99 - - [27/Mar/2025 05:05:27] "GET /api/get_user_permissions/20 HTTP/1.1" 200 -
2025-03-27 05:05:27,675 - INFO - 10.1.5.99 - - [27/Mar/2025 05:05:27] "GET /api/get_user_permissions/21 HTTP/1.1" 200 -
2025-03-27 05:05:27,683 - INFO - 10.1.5.99 - - [27/Mar/2025 05:05:27] "GET /api/get_user_permissions/22 HTTP/1.1" 200 -
2025-03-27 05:05:27,692 - INFO - 10.1.5.99 - - [27/Mar/2025 05:05:27] "GET /api/get_user_permissions/23 HTTP/1.1" 200 -
2025-03-27 05:05:28,884 - INFO - 10.1.5.99 - - [27/Mar/2025 05:05:28] "OPTIONS /api/dispositivos HTTP/1.1" 200 -
2025-03-27 05:05:28,917 - INFO - 10.1.5.99 - - [27/Mar/2025 05:05:28] "GET /api/dispositivos HTTP/1.1" 200 -
2025-03-27 05:05:33,218 - INFO - 10.1.5.99 - - [27/Mar/2025 05:05:33] "OPTIONS /api/habitaciones HTTP/1.1" 200 -
2025-03-27 05:05:33,255 - INFO - 10.1.5.99 - - [27/Mar/2025 05:05:33] "GET /api/habitaciones HTTP/1.1" 200 -
2025-03-27 05:05:37,694 - INFO - 10.1.5.99 - - [27/Mar/2025 05:05:37] "OPTIONS /api/dispositivos HTTP/1.1" 200 -
2025-03-27 05:05:37,729 - INFO - 10.1.5.99 - - [27/Mar/2025 05:05:37] "GET /api/dispositivos HTTP/1.1" 200 -
2025-03-27 05:05:43,108 - INFO - 10.1.5.99 - - [27/Mar/2025 05:05:43] "OPTIONS /api/habitaciones HTTP/1.1" 200 -
2025-03-27 05:05:43,138 - INFO - 10.1.5.99 - - [27/Mar/2025 05:05:43] "GET /api/habitaciones HTTP/1.1" 200 -
2025-03-27 05:05:55,891 - INFO - 10.1.5.99 - - [27/Mar/2025 05:05:55] "OPTIONS /api/asignar_habitacion HTTP/1.1" 200 -
2025-03-27 05:05:55,985 - INFO - 10.1.5.99 - - [27/Mar/2025 05:05:55] "POST /api/asignar_habitacion HTTP/1.1" 200 -
2025-03-27 05:05:56,012 - INFO - 10.1.5.99 - - [27/Mar/2025 05:05:56] "OPTIONS /api/dispositivos HTTP/1.1" 200 -
2025-03-27 05:05:56,045 - INFO - 10.1.5.99 - - [27/Mar/2025 05:05:56] "GET /api/dispositivos HTTP/1.1" 200 -
2025-03-27 05:06:17,845 - INFO - 10.1.5.99 - - [27/Mar/2025 05:06:17] "OPTIONS /api/habitaciones HTTP/1.1" 200 -
2025-03-27 05:06:17,876 - INFO - 10.1.5.99 - - [27/Mar/2025 05:06:17] "GET /api/habitaciones HTTP/1.1" 200 -
2025-03-27 05:06:20,747 - INFO - 10.1.5.99 - - [27/Mar/2025 05:06:20] "OPTIONS /api/asignar_habitacion HTTP/1.1" 200 -
2025-03-27 05:06:20,798 - INFO - 10.1.5.99 - - [27/Mar/2025 05:06:20] "POST /api/asignar_habitacion HTTP/1.1" 200 -
2025-03-27 05:06:20,827 - INFO - 10.1.5.99 - - [27/Mar/2025 05:06:20] "OPTIONS /api/dispositivos HTTP/1.1" 200 -
2025-03-27 05:06:20,863 - INFO - 10.1.5.99 - - [27/Mar/2025 05:06:20] "GET /api/dispositivos HTTP/1.1" 200 -
2025-03-27 05:07:12,549 - INFO - 10.1.5.99 - - [27/Mar/2025 05:07:12] "OPTIONS /api/tableros HTTP/1.1" 200 -
2025-03-27 05:07:12,557 - INFO - 10.1.5.99 - - [27/Mar/2025 05:07:12] "OPTIONS /api/tableros HTTP/1.1" 200 -
2025-03-27 05:07:12,576 - INFO - 10.1.5.99 - - [27/Mar/2025 05:07:12] "GET /api/tableros HTTP/1.1" 200 -
2025-03-27 05:07:12,601 - INFO - 10.1.5.99 - - [27/Mar/2025 05:07:12] "GET /api/tableros HTTP/1.1" 200 -
2025-03-27 05:07:12,647 - INFO - 10.1.5.99 - - [27/Mar/2025 05:07:12] "OPTIONS /api/tableros/2/habitaciones HTTP/1.1" 200 -
2025-03-27 05:07:12,655 - INFO - 10.1.5.99 - - [27/Mar/2025 05:07:12] "OPTIONS /api/tableros/2/habitaciones HTTP/1.1" 200 -
2025-03-27 05:07:12,664 - INFO - 10.1.5.99 - - [27/Mar/2025 05:07:12] "OPTIONS /api/tableros/2/habitaciones HTTP/1.1" 200 -
2025-03-27 05:07:12,672 - INFO - 10.1.5.99 - - [27/Mar/2025 05:07:12] "OPTIONS /api/dispositivos HTTP/1.1" 200 -
2025-03-27 05:07:12,686 - INFO - 10.1.5.99 - - [27/Mar/2025 05:07:12] "GET /api/tableros/2/habitaciones HTTP/1.1" 200 -
2025-03-27 05:07:12,713 - INFO - 10.1.5.99 - - [27/Mar/2025 05:07:12] "OPTIONS /api/tableros/3/habitaciones HTTP/1.1" 200 -
2025-03-27 05:07:12,730 - INFO - 10.1.5.99 - - [27/Mar/2025 05:07:12] "GET /api/dispositivos HTTP/1.1" 200 -
2025-03-27 05:07:12,773 - INFO - 10.1.5.99 - - [27/Mar/2025 05:07:12] "GET /api/tableros/2/habitaciones HTTP/1.1" 200 -
2025-03-27 05:07:12,781 - INFO - 10.1.5.99 - - [27/Mar/2025 05:07:12] "GET /api/tableros/3/habitaciones HTTP/1.1" 200 -
2025-03-27 05:07:12,799 - INFO - 10.1.5.99 - - [27/Mar/2025 05:07:12] "GET /api/tableros/2/habitaciones HTTP/1.1" 200 -
2025-03-27 05:07:12,816 - INFO - 10.1.5.99 - - [27/Mar/2025 05:07:12] "OPTIONS /api/tableros/4/habitaciones HTTP/1.1" 200 -
2025-03-27 05:07:12,853 - INFO - 10.1.5.99 - - [27/Mar/2025 05:07:12] "GET /api/tableros/4/habitaciones HTTP/1.1" 200 -
2025-03-27 05:07:12,878 - INFO - 10.1.5.99 - - [27/Mar/2025 05:07:12] "OPTIONS /api/tableros/5/habitaciones HTTP/1.1" 200 -
2025-03-27 05:07:12,907 - INFO - 10.1.5.99 - - [27/Mar/2025 05:07:12] "GET /api/tableros/5/habitaciones HTTP/1.1" 200 -
2025-03-27 05:07:12,932 - INFO - 10.1.5.99 - - [27/Mar/2025 05:07:12] "OPTIONS /api/tableros/6/habitaciones HTTP/1.1" 200 -
2025-03-27 05:07:12,963 - INFO - 10.1.5.99 - - [27/Mar/2025 05:07:12] "GET /api/tableros/6/habitaciones HTTP/1.1" 200 -
2025-03-27 05:07:13,005 - INFO - 10.1.5.99 - - [27/Mar/2025 05:07:13] "GET /api/dispositivos HTTP/1.1" 200 -
2025-03-27 05:11:20,762 - INFO - 10.1.5.99 - - [27/Mar/2025 05:11:20] "OPTIONS /api/tableros HTTP/1.1" 200 -
2025-03-27 05:11:20,772 - INFO - 10.1.5.99 - - [27/Mar/2025 05:11:20] "OPTIONS /api/tableros HTTP/1.1" 200 -
2025-03-27 05:11:20,798 - INFO - 10.1.5.99 - - [27/Mar/2025 05:11:20] "GET /api/tableros HTTP/1.1" 200 -
2025-03-27 05:11:20,821 - INFO - 10.1.5.99 - - [27/Mar/2025 05:11:20] "GET /api/tableros HTTP/1.1" 200 -
2025-03-27 05:11:20,866 - INFO - 10.1.5.99 - - [27/Mar/2025 05:11:20] "OPTIONS /api/dispositivos HTTP/1.1" 200 -
2025-03-27 05:11:20,887 - INFO - 10.1.5.99 - - [27/Mar/2025 05:11:20] "OPTIONS /api/tableros/2/habitaciones HTTP/1.1" 200 -
2025-03-27 05:11:21,109 - INFO - 10.1.5.99 - - [27/Mar/2025 05:11:21] "OPTIONS /api/tableros/2/habitaciones HTTP/1.1" 200 -
2025-03-27 05:11:21,120 - INFO - 10.1.5.99 - - [27/Mar/2025 05:11:21] "OPTIONS /api/tableros/2/habitaciones HTTP/1.1" 200 -
2025-03-27 05:11:21,141 - INFO - 10.1.5.99 - - [27/Mar/2025 05:11:21] "GET /api/dispositivos HTTP/1.1" 200 -
2025-03-27 05:11:21,145 - INFO - 10.1.5.99 - - [27/Mar/2025 05:11:21] "GET /api/tableros/2/habitaciones HTTP/1.1" 200 -
2025-03-27 05:11:21,206 - INFO - 10.1.5.99 - - [27/Mar/2025 05:11:21] "GET /api/tableros/2/habitaciones HTTP/1.1" 200 -
2025-03-27 05:11:21,234 - INFO - 10.1.5.99 - - [27/Mar/2025 05:11:21] "GET /api/tableros/2/habitaciones HTTP/1.1" 200 -
2025-03-27 05:11:21,292 - INFO - 10.1.5.99 - - [27/Mar/2025 05:11:21] "OPTIONS /api/tableros/3/habitaciones HTTP/1.1" 200 -
2025-03-27 05:11:21,320 - INFO - 10.1.5.99 - - [27/Mar/2025 05:11:21] "GET /api/tableros/3/habitaciones HTTP/1.1" 200 -
2025-03-27 05:11:21,418 - INFO - 10.1.5.99 - - [27/Mar/2025 05:11:21] "OPTIONS /api/tableros/4/habitaciones HTTP/1.1" 200 -
2025-03-27 05:11:21,447 - INFO - 10.1.5.99 - - [27/Mar/2025 05:11:21] "GET /api/tableros/4/habitaciones HTTP/1.1" 200 -
2025-03-27 05:11:21,471 - INFO - 10.1.5.99 - - [27/Mar/2025 05:11:21] "OPTIONS /api/tableros/5/habitaciones HTTP/1.1" 200 -
2025-03-27 05:11:21,499 - INFO - 10.1.5.99 - - [27/Mar/2025 05:11:21] "GET /api/tableros/5/habitaciones HTTP/1.1" 200 -
2025-03-27 05:11:21,524 - INFO - 10.1.5.99 - - [27/Mar/2025 05:11:21] "OPTIONS /api/tableros/6/habitaciones HTTP/1.1" 200 -
2025-03-27 05:11:21,551 - INFO - 10.1.5.99 - - [27/Mar/2025 05:11:21] "GET /api/tableros/6/habitaciones HTTP/1.1" 200 -
2025-03-27 05:11:21,651 - INFO - 10.1.5.99 - - [27/Mar/2025 05:11:21] "GET /api/dispositivos HTTP/1.1" 200 -
2025-03-27 05:11:49,502 - INFO - 10.1.5.99 - - [27/Mar/2025 05:11:49] "OPTIONS /api/tableros HTTP/1.1" 200 -
2025-03-27 05:11:49,526 - INFO - 10.1.5.99 - - [27/Mar/2025 05:11:49] "GET /api/tableros HTTP/1.1" 200 -
2025-03-27 05:11:49,614 - INFO - 10.1.5.99 - - [27/Mar/2025 05:11:49] "OPTIONS /api/tableros/2/habitaciones HTTP/1.1" 200 -
2025-03-27 05:11:49,621 - INFO - 10.1.5.99 - - [27/Mar/2025 05:11:49] "OPTIONS /api/tableros/2/habitaciones HTTP/1.1" 200 -
2025-03-27 05:11:49,639 - INFO - 10.1.5.99 - - [27/Mar/2025 05:11:49] "GET /api/tableros/2/habitaciones HTTP/1.1" 200 -
2025-03-27 05:11:49,660 - INFO - 10.1.5.99 - - [27/Mar/2025 05:11:49] "GET /api/tableros/2/habitaciones HTTP/1.1" 200 -
2025-03-27 05:11:54,820 - INFO - 10.1.5.99 - - [27/Mar/2025 05:11:54] "OPTIONS /api/habitaciones/8/dispositivos HTTP/1.1" 200 -
2025-03-27 05:11:54,847 - INFO - 10.1.5.99 - - [27/Mar/2025 05:11:54] "GET /api/habitaciones/8/dispositivos HTTP/1.1" 200 -
2025-03-27 05:12:07,611 - INFO - 10.1.5.99 - - [27/Mar/2025 05:12:07] "OPTIONS /api/habitaciones/8 HTTP/1.1" 200 -
2025-03-27 05:12:07,657 - INFO - 10.1.5.99 - - [27/Mar/2025 05:12:07] "DELETE /api/habitaciones/8 HTTP/1.1" 200 -
2025-03-27 05:12:07,728 - INFO - 10.1.5.99 - - [27/Mar/2025 05:12:07] "OPTIONS /api/tableros HTTP/1.1" 200 -
2025-03-27 05:12:07,754 - INFO - 10.1.5.99 - - [27/Mar/2025 05:12:07] "GET /api/tableros HTTP/1.1" 200 -
2025-03-27 05:12:07,786 - INFO - 10.1.5.99 - - [27/Mar/2025 05:12:07] "OPTIONS /api/tableros/2/habitaciones HTTP/1.1" 200 -
2025-03-27 05:12:07,810 - INFO - 10.1.5.99 - - [27/Mar/2025 05:12:07] "GET /api/tableros/2/habitaciones HTTP/1.1" 200 -
2025-03-27 05:12:07,839 - INFO - 10.1.5.99 - - [27/Mar/2025 05:12:07] "OPTIONS /api/tableros/3/habitaciones HTTP/1.1" 200 -
2025-03-27 05:12:07,865 - INFO - 10.1.5.99 - - [27/Mar/2025 05:12:07] "GET /api/tableros/3/habitaciones HTTP/1.1" 200 -
2025-03-27 05:12:07,893 - INFO - 10.1.5.99 - - [27/Mar/2025 05:12:07] "OPTIONS /api/tableros/4/habitaciones HTTP/1.1" 200 -
2025-03-27 05:12:07,917 - INFO - 10.1.5.99 - - [27/Mar/2025 05:12:07] "GET /api/tableros/4/habitaciones HTTP/1.1" 200 -
2025-03-27 05:12:07,945 - INFO - 10.1.5.99 - - [27/Mar/2025 05:12:07] "OPTIONS /api/tableros/5/habitaciones HTTP/1.1" 200 -
2025-03-27 05:12:07,970 - INFO - 10.1.5.99 - - [27/Mar/2025 05:12:07] "GET /api/tableros/5/habitaciones HTTP/1.1" 200 -
2025-03-27 05:12:07,998 - INFO - 10.1.5.99 - - [27/Mar/2025 05:12:07] "OPTIONS /api/tableros/6/habitaciones HTTP/1.1" 200 -
2025-03-27 05:12:08,024 - INFO - 10.1.5.99 - - [27/Mar/2025 05:12:08] "GET /api/tableros/6/habitaciones HTTP/1.1" 200 -
2025-03-27 05:12:08,118 - INFO - 10.1.5.99 - - [27/Mar/2025 05:12:08] "OPTIONS /api/dispositivos HTTP/1.1" 200 -
2025-03-27 05:12:08,151 - INFO - 10.1.5.99 - - [27/Mar/2025 05:12:08] "GET /api/dispositivos HTTP/1.1" 200 -
2025-03-27 05:12:12,998 - INFO - 10.1.5.99 - - [27/Mar/2025 05:12:12] "OPTIONS /api/tableros/4/habitaciones HTTP/1.1" 200 -
2025-03-27 05:12:13,007 - INFO - 10.1.5.99 - - [27/Mar/2025 05:12:13] "OPTIONS /api/tableros/4/habitaciones HTTP/1.1" 200 -
2025-03-27 05:12:13,023 - INFO - 10.1.5.99 - - [27/Mar/2025 05:12:13] "GET /api/tableros/4/habitaciones HTTP/1.1" 200 -
2025-03-27 05:12:13,047 - INFO - 10.1.5.99 - - [27/Mar/2025 05:12:13] "GET /api/tableros/4/habitaciones HTTP/1.1" 200 -
2025-03-27 05:12:13,932 - INFO - 10.1.5.99 - - [27/Mar/2025 05:12:13] "OPTIONS /api/tableros/5/habitaciones HTTP/1.1" 200 -
2025-03-27 05:12:13,940 - INFO - 10.1.5.99 - - [27/Mar/2025 05:12:13] "OPTIONS /api/tableros/5/habitaciones HTTP/1.1" 200 -
2025-03-27 05:12:13,958 - INFO - 10.1.5.99 - - [27/Mar/2025 05:12:13] "GET /api/tableros/5/habitaciones HTTP/1.1" 200 -
2025-03-27 05:12:13,982 - INFO - 10.1.5.99 - - [27/Mar/2025 05:12:13] "GET /api/tableros/5/habitaciones HTTP/1.1" 200 -
2025-03-27 05:12:15,300 - INFO - 10.1.5.99 - - [27/Mar/2025 05:12:15] "OPTIONS /api/habitaciones/25/dispositivos HTTP/1.1" 200 -
2025-03-27 05:12:15,329 - INFO - 10.1.5.99 - - [27/Mar/2025 05:12:15] "GET /api/habitaciones/25/dispositivos HTTP/1.1" 200 -
2025-03-27 05:12:22,402 - INFO - 10.1.5.99 - - [27/Mar/2025 05:12:22] "OPTIONS /api/tableros/4/habitaciones HTTP/1.1" 200 -
2025-03-27 05:12:22,413 - INFO - 10.1.5.99 - - [27/Mar/2025 05:12:22] "OPTIONS /api/tableros/4/habitaciones HTTP/1.1" 200 -
2025-03-27 05:12:22,428 - INFO - 10.1.5.99 - - [27/Mar/2025 05:12:22] "GET /api/tableros/4/habitaciones HTTP/1.1" 200 -
2025-03-27 05:12:22,452 - INFO - 10.1.5.99 - - [27/Mar/2025 05:12:22] "GET /api/tableros/4/habitaciones HTTP/1.1" 200 -
2025-03-27 05:12:23,349 - INFO - 10.1.5.99 - - [27/Mar/2025 05:12:23] "OPTIONS /api/habitaciones/19/dispositivos HTTP/1.1" 200 -
2025-03-27 05:12:23,376 - INFO - 10.1.5.99 - - [27/Mar/2025 05:12:23] "GET /api/habitaciones/19/dispositivos HTTP/1.1" 200 -
2025-03-27 05:12:24,898 - INFO - 10.1.5.99 - - [27/Mar/2025 05:12:24] "OPTIONS /api/tableros/5/habitaciones HTTP/1.1" 200 -
2025-03-27 05:12:24,908 - INFO - 10.1.5.99 - - [27/Mar/2025 05:12:24] "OPTIONS /api/tableros/5/habitaciones HTTP/1.1" 200 -
2025-03-27 05:12:24,926 - INFO - 10.1.5.99 - - [27/Mar/2025 05:12:24] "GET /api/tableros/5/habitaciones HTTP/1.1" 200 -
2025-03-27 05:12:24,949 - INFO - 10.1.5.99 - - [27/Mar/2025 05:12:24] "GET /api/tableros/5/habitaciones HTTP/1.1" 200 -
2025-03-27 05:12:38,311 - INFO - 10.1.5.99 - - [27/Mar/2025 05:12:38] "OPTIONS /api/tableros HTTP/1.1" 200 -
2025-03-27 05:12:38,327 - INFO - 10.1.5.99 - - [27/Mar/2025 05:12:38] "OPTIONS /api/tableros HTTP/1.1" 200 -
2025-03-27 05:12:38,443 - INFO - 10.1.5.99 - - [27/Mar/2025 05:12:38] "GET /api/tableros HTTP/1.1" 200 -
2025-03-27 05:12:38,481 - INFO - 10.1.5.99 - - [27/Mar/2025 05:12:38] "GET /api/tableros HTTP/1.1" 200 -
2025-03-27 05:12:38,521 - INFO - 10.1.5.99 - - [27/Mar/2025 05:12:38] "OPTIONS /api/dispositivos HTTP/1.1" 200 -
2025-03-27 05:12:38,529 - INFO - 10.1.5.99 - - [27/Mar/2025 05:12:38] "OPTIONS /api/tableros/2/habitaciones HTTP/1.1" 200 -
2025-03-27 05:12:38,537 - INFO - 10.1.5.99 - - [27/Mar/2025 05:12:38] "OPTIONS /api/tableros/2/habitaciones HTTP/1.1" 200 -
2025-03-27 05:12:38,545 - INFO - 10.1.5.99 - - [27/Mar/2025 05:12:38] "OPTIONS /api/tableros/2/habitaciones HTTP/1.1" 200 -
2025-03-27 05:12:38,560 - INFO - 10.1.5.99 - - [27/Mar/2025 05:12:38] "GET /api/tableros/2/habitaciones HTTP/1.1" 200 -
2025-03-27 05:12:38,600 - INFO - 10.1.5.99 - - [27/Mar/2025 05:12:38] "GET /api/dispositivos HTTP/1.1" 200 -
2025-03-27 05:12:38,621 - INFO - 10.1.5.99 - - [27/Mar/2025 05:12:38] "GET /api/tableros/2/habitaciones HTTP/1.1" 200 -
2025-03-27 05:12:38,672 - INFO - 10.1.5.99 - - [27/Mar/2025 05:12:38] "GET /api/tableros/2/habitaciones HTTP/1.1" 200 -
2025-03-27 05:12:38,764 - INFO - 10.1.5.99 - - [27/Mar/2025 05:12:38] "OPTIONS /api/tableros/3/habitaciones HTTP/1.1" 200 -
2025-03-27 05:12:38,790 - INFO - 10.1.5.99 - - [27/Mar/2025 05:12:38] "GET /api/tableros/3/habitaciones HTTP/1.1" 200 -
2025-03-27 05:12:38,822 - INFO - 10.1.5.99 - - [27/Mar/2025 05:12:38] "OPTIONS /api/tableros/4/habitaciones HTTP/1.1" 200 -
2025-03-27 05:12:38,848 - INFO - 10.1.5.99 - - [27/Mar/2025 05:12:38] "GET /api/tableros/4/habitaciones HTTP/1.1" 200 -
2025-03-27 05:12:38,875 - INFO - 10.1.5.99 - - [27/Mar/2025 05:12:38] "OPTIONS /api/tableros/5/habitaciones HTTP/1.1" 200 -
2025-03-27 05:12:38,903 - INFO - 10.1.5.99 - - [27/Mar/2025 05:12:38] "GET /api/tableros/5/habitaciones HTTP/1.1" 200 -
2025-03-27 05:12:38,933 - INFO - 10.1.5.99 - - [27/Mar/2025 05:12:38] "OPTIONS /api/tableros/6/habitaciones HTTP/1.1" 200 -
2025-03-27 05:12:38,957 - INFO - 10.1.5.99 - - [27/Mar/2025 05:12:38] "GET /api/tableros/6/habitaciones HTTP/1.1" 200 -
2025-03-27 05:12:39,093 - INFO - 10.1.5.99 - - [27/Mar/2025 05:12:39] "GET /api/dispositivos HTTP/1.1" 200 -
2025-03-27 05:15:24,343 - INFO - 10.1.5.99 - - [27/Mar/2025 05:15:24] "OPTIONS /api/habitaciones/6/dispositivos HTTP/1.1" 200 -
2025-03-27 05:15:24,371 - INFO - 10.1.5.99 - - [27/Mar/2025 05:15:24] "GET /api/habitaciones/6/dispositivos HTTP/1.1" 200 -
2025-03-27 05:15:29,164 - INFO - 10.1.5.99 - - [27/Mar/2025 05:15:29] "OPTIONS /api/tableros HTTP/1.1" 200 -
2025-03-27 05:15:29,195 - INFO - 10.1.5.99 - - [27/Mar/2025 05:15:29] "GET /api/tableros HTTP/1.1" 200 -
2025-03-27 05:15:29,223 - INFO - 10.1.5.99 - - [27/Mar/2025 05:15:29] "OPTIONS /api/tableros/2/habitaciones HTTP/1.1" 200 -
2025-03-27 05:15:29,252 - INFO - 10.1.5.99 - - [27/Mar/2025 05:15:29] "GET /api/tableros/2/habitaciones HTTP/1.1" 200 -
2025-03-27 05:15:29,277 - INFO - 10.1.5.99 - - [27/Mar/2025 05:15:29] "OPTIONS /api/tableros/3/habitaciones HTTP/1.1" 200 -
2025-03-27 05:15:29,305 - INFO - 10.1.5.99 - - [27/Mar/2025 05:15:29] "GET /api/tableros/3/habitaciones HTTP/1.1" 200 -
2025-03-27 05:15:29,331 - INFO - 10.1.5.99 - - [27/Mar/2025 05:15:29] "OPTIONS /api/tableros/4/habitaciones HTTP/1.1" 200 -
2025-03-27 05:15:29,357 - INFO - 10.1.5.99 - - [27/Mar/2025 05:15:29] "GET /api/tableros/4/habitaciones HTTP/1.1" 200 -
2025-03-27 05:15:29,382 - INFO - 10.1.5.99 - - [27/Mar/2025 05:15:29] "OPTIONS /api/tableros/5/habitaciones HTTP/1.1" 200 -
2025-03-27 05:15:29,412 - INFO - 10.1.5.99 - - [27/Mar/2025 05:15:29] "GET /api/tableros/5/habitaciones HTTP/1.1" 200 -
2025-03-27 05:15:29,435 - INFO - 10.1.5.99 - - [27/Mar/2025 05:15:29] "OPTIONS /api/tableros/6/habitaciones HTTP/1.1" 200 -
2025-03-27 05:15:29,460 - INFO - 10.1.5.99 - - [27/Mar/2025 05:15:29] "GET /api/tableros/6/habitaciones HTTP/1.1" 200 -
2025-03-27 05:15:29,534 - INFO - 10.1.5.99 - - [27/Mar/2025 05:15:29] "OPTIONS /api/dispositivos HTTP/1.1" 200 -
2025-03-27 05:15:29,567 - INFO - 10.1.5.99 - - [27/Mar/2025 05:15:29] "GET /api/dispositivos HTTP/1.1" 200 -
2025-03-27 05:15:34,897 - INFO - 10.1.5.99 - - [27/Mar/2025 05:15:34] "OPTIONS /api/tableros/3/habitaciones HTTP/1.1" 200 -
2025-03-27 05:15:34,906 - INFO - 10.1.5.99 - - [27/Mar/2025 05:15:34] "OPTIONS /api/tableros/3/habitaciones HTTP/1.1" 200 -
2025-03-27 05:15:34,928 - INFO - 10.1.5.99 - - [27/Mar/2025 05:15:34] "GET /api/tableros/3/habitaciones HTTP/1.1" 200 -
2025-03-27 05:15:34,951 - INFO - 10.1.5.99 - - [27/Mar/2025 05:15:34] "GET /api/tableros/3/habitaciones HTTP/1.1" 200 -
2025-03-27 05:15:35,670 - INFO - 10.1.5.99 - - [27/Mar/2025 05:15:35] "OPTIONS /api/tableros/2/habitaciones HTTP/1.1" 200 -
2025-03-27 05:15:35,696 - INFO - 10.1.5.99 - - [27/Mar/2025 05:15:35] "GET /api/tableros/2/habitaciones HTTP/1.1" 200 -
2025-03-27 05:15:35,703 - INFO - 10.1.5.99 - - [27/Mar/2025 05:15:35] "OPTIONS /api/tableros/2/habitaciones HTTP/1.1" 200 -
2025-03-27 05:15:35,725 - INFO - 10.1.5.99 - - [27/Mar/2025 05:15:35] "GET /api/tableros/2/habitaciones HTTP/1.1" 200 -
2025-03-27 05:15:37,163 - INFO - 10.1.5.99 - - [27/Mar/2025 05:15:37] "OPTIONS /api/habitaciones/6/dispositivos HTTP/1.1" 200 -
2025-03-27 05:15:37,191 - INFO - 10.1.5.99 - - [27/Mar/2025 05:15:37] "GET /api/habitaciones/6/dispositivos HTTP/1.1" 200 -
2025-03-27 05:15:47,178 - INFO - 10.1.5.99 - - [27/Mar/2025 05:15:47] "OPTIONS /api/habitaciones/6/dispositivos HTTP/1.1" 200 -
2025-03-27 05:15:47,205 - INFO - 10.1.5.99 - - [27/Mar/2025 05:15:47] "GET /api/habitaciones/6/dispositivos HTTP/1.1" 200 -
2025-03-27 05:15:52,156 - INFO - 10.1.5.99 - - [27/Mar/2025 05:15:52] "OPTIONS /api/habitaciones/6 HTTP/1.1" 200 -
2025-03-27 05:15:52,229 - ERROR - Exception on /api/habitaciones/6 [DELETE]
Traceback (most recent call last):
  File "/opt/shelly_monitoring/venv/lib/python3.12/site-packages/sqlalchemy/engine/base.py", line 1964, in _exec_single_context
    self.dialect.do_execute(
  File "/opt/shelly_monitoring/venv/lib/python3.12/site-packages/sqlalchemy/engine/default.py", line 942, in do_execute
    cursor.execute(statement, parameters)
psycopg2.errors.ForeignKeyViolation: update or delete on table "habitaciones" violates foreign key constraint "dispositivos_habitacion_id_fkey" on table "dispositivos"
DETAIL:  Key (id)=(6) is still referenced from table "dispositivos".


The above exception was the direct cause of the following exception:

Traceback (most recent call last):
  File "/opt/shelly_monitoring/venv/lib/python3.12/site-packages/flask/app.py", line 1511, in wsgi_app
    response = self.full_dispatch_request()
               ^^^^^^^^^^^^^^^^^^^^^^^^^^^^
  File "/opt/shelly_monitoring/venv/lib/python3.12/site-packages/flask/app.py", line 919, in full_dispatch_request
    rv = self.handle_user_exception(e)
         ^^^^^^^^^^^^^^^^^^^^^^^^^^^^^
  File "/opt/shelly_monitoring/venv/lib/python3.12/site-packages/flask_cors/extension.py", line 176, in wrapped_function
    return cors_after_request(app.make_response(f(*args, **kwargs)))
                                                ^^^^^^^^^^^^^^^^^^
  File "/opt/shelly_monitoring/venv/lib/python3.12/site-packages/flask/app.py", line 917, in full_dispatch_request
    rv = self.dispatch_request()
         ^^^^^^^^^^^^^^^^^^^^^^^
  File "/opt/shelly_monitoring/venv/lib/python3.12/site-packages/flask/app.py", line 902, in dispatch_request
    return self.ensure_sync(self.view_functions[rule.endpoint])(**view_args)  # type: ignore[no-any-return]
           ^^^^^^^^^^^^^^^^^^^^^^^^^^^^^^^^^^^^^^^^^^^^^^^^^^^^^^^^^^^^^^^^^
  File "/opt/shelly_monitoring/shelly_monitoring/app.py", line 69, in decorated_function
    return f(*args, **kwargs)
           ^^^^^^^^^^^^^^^^^^
  File "/opt/shelly_monitoring/shelly_monitoring/app.py", line 240, in eliminar_habitacion
    db.session.commit()
  File "/opt/shelly_monitoring/venv/lib/python3.12/site-packages/sqlalchemy/orm/scoping.py", line 599, in commit
    return self._proxied.commit()
           ^^^^^^^^^^^^^^^^^^^^^^
  File "/opt/shelly_monitoring/venv/lib/python3.12/site-packages/sqlalchemy/orm/session.py", line 2032, in commit
    trans.commit(_to_root=True)
  File "<string>", line 2, in commit
  File "/opt/shelly_monitoring/venv/lib/python3.12/site-packages/sqlalchemy/orm/state_changes.py", line 139, in _go
    ret_value = fn(self, *arg, **kw)
                ^^^^^^^^^^^^^^^^^^^^
  File "/opt/shelly_monitoring/venv/lib/python3.12/site-packages/sqlalchemy/orm/session.py", line 1313, in commit
    self._prepare_impl()
  File "<string>", line 2, in _prepare_impl
  File "/opt/shelly_monitoring/venv/lib/python3.12/site-packages/sqlalchemy/orm/state_changes.py", line 139, in _go
    ret_value = fn(self, *arg, **kw)
                ^^^^^^^^^^^^^^^^^^^^
  File "/opt/shelly_monitoring/venv/lib/python3.12/site-packages/sqlalchemy/orm/session.py", line 1288, in _prepare_impl
    self.session.flush()
  File "/opt/shelly_monitoring/venv/lib/python3.12/site-packages/sqlalchemy/orm/session.py", line 4353, in flush
    self._flush(objects)
  File "/opt/shelly_monitoring/venv/lib/python3.12/site-packages/sqlalchemy/orm/session.py", line 4488, in _flush
    with util.safe_reraise():
  File "/opt/shelly_monitoring/venv/lib/python3.12/site-packages/sqlalchemy/util/langhelpers.py", line 146, in __exit__
    raise exc_value.with_traceback(exc_tb)
  File "/opt/shelly_monitoring/venv/lib/python3.12/site-packages/sqlalchemy/orm/session.py", line 4449, in _flush
    flush_context.execute()
  File "/opt/shelly_monitoring/venv/lib/python3.12/site-packages/sqlalchemy/orm/unitofwork.py", line 466, in execute
    rec.execute(self)
  File "/opt/shelly_monitoring/venv/lib/python3.12/site-packages/sqlalchemy/orm/unitofwork.py", line 679, in execute
    util.preloaded.orm_persistence.delete_obj(
  File "/opt/shelly_monitoring/venv/lib/python3.12/site-packages/sqlalchemy/orm/persistence.py", line 193, in delete_obj
    _emit_delete_statements(
  File "/opt/shelly_monitoring/venv/lib/python3.12/site-packages/sqlalchemy/orm/persistence.py", line 1465, in _emit_delete_statements
    c = connection.execute(
        ^^^^^^^^^^^^^^^^^^^
  File "/opt/shelly_monitoring/venv/lib/python3.12/site-packages/sqlalchemy/engine/base.py", line 1416, in execute
    return meth(
           ^^^^^
  File "/opt/shelly_monitoring/venv/lib/python3.12/site-packages/sqlalchemy/sql/elements.py", line 523, in _execute_on_connection
    return connection._execute_clauseelement(
           ^^^^^^^^^^^^^^^^^^^^^^^^^^^^^^^^^^
  File "/opt/shelly_monitoring/venv/lib/python3.12/site-packages/sqlalchemy/engine/base.py", line 1638, in _execute_clauseelement
    ret = self._execute_context(
          ^^^^^^^^^^^^^^^^^^^^^^
  File "/opt/shelly_monitoring/venv/lib/python3.12/site-packages/sqlalchemy/engine/base.py", line 1843, in _execute_context
    return self._exec_single_context(
           ^^^^^^^^^^^^^^^^^^^^^^^^^^
  File "/opt/shelly_monitoring/venv/lib/python3.12/site-packages/sqlalchemy/engine/base.py", line 1983, in _exec_single_context
    self._handle_dbapi_exception(
  File "/opt/shelly_monitoring/venv/lib/python3.12/site-packages/sqlalchemy/engine/base.py", line 2352, in _handle_dbapi_exception
    raise sqlalchemy_exception.with_traceback(exc_info[2]) from e
  File "/opt/shelly_monitoring/venv/lib/python3.12/site-packages/sqlalchemy/engine/base.py", line 1964, in _exec_single_context
    self.dialect.do_execute(
  File "/opt/shelly_monitoring/venv/lib/python3.12/site-packages/sqlalchemy/engine/default.py", line 942, in do_execute
    cursor.execute(statement, parameters)
sqlalchemy.exc.IntegrityError: (psycopg2.errors.ForeignKeyViolation) update or delete on table "habitaciones" violates foreign key constraint "dispositivos_habitacion_id_fkey" on table "dispositivos"
DETAIL:  Key (id)=(6) is still referenced from table "dispositivos".

[SQL: DELETE FROM habitaciones WHERE habitaciones.id = %(id)s]
[parameters: {'id': 6}]
(Background on this error at: https://sqlalche.me/e/20/gkpj)
2025-03-27 05:15:52,242 - INFO - 10.1.5.99 - - [27/Mar/2025 05:15:52] "[35m[1mDELETE /api/habitaciones/6 HTTP/1.1[0m" 500 -
2025-03-27 05:15:56,741 - ERROR - Exception on /api/habitaciones/6 [DELETE]
Traceback (most recent call last):
  File "/opt/shelly_monitoring/venv/lib/python3.12/site-packages/sqlalchemy/engine/base.py", line 1964, in _exec_single_context
    self.dialect.do_execute(
  File "/opt/shelly_monitoring/venv/lib/python3.12/site-packages/sqlalchemy/engine/default.py", line 942, in do_execute
    cursor.execute(statement, parameters)
psycopg2.errors.ForeignKeyViolation: update or delete on table "habitaciones" violates foreign key constraint "dispositivos_habitacion_id_fkey" on table "dispositivos"
DETAIL:  Key (id)=(6) is still referenced from table "dispositivos".


The above exception was the direct cause of the following exception:

Traceback (most recent call last):
  File "/opt/shelly_monitoring/venv/lib/python3.12/site-packages/flask/app.py", line 1511, in wsgi_app
    response = self.full_dispatch_request()
               ^^^^^^^^^^^^^^^^^^^^^^^^^^^^
  File "/opt/shelly_monitoring/venv/lib/python3.12/site-packages/flask/app.py", line 919, in full_dispatch_request
    rv = self.handle_user_exception(e)
         ^^^^^^^^^^^^^^^^^^^^^^^^^^^^^
  File "/opt/shelly_monitoring/venv/lib/python3.12/site-packages/flask_cors/extension.py", line 176, in wrapped_function
    return cors_after_request(app.make_response(f(*args, **kwargs)))
                                                ^^^^^^^^^^^^^^^^^^
  File "/opt/shelly_monitoring/venv/lib/python3.12/site-packages/flask/app.py", line 917, in full_dispatch_request
    rv = self.dispatch_request()
         ^^^^^^^^^^^^^^^^^^^^^^^
  File "/opt/shelly_monitoring/venv/lib/python3.12/site-packages/flask/app.py", line 902, in dispatch_request
    return self.ensure_sync(self.view_functions[rule.endpoint])(**view_args)  # type: ignore[no-any-return]
           ^^^^^^^^^^^^^^^^^^^^^^^^^^^^^^^^^^^^^^^^^^^^^^^^^^^^^^^^^^^^^^^^^
  File "/opt/shelly_monitoring/shelly_monitoring/app.py", line 69, in decorated_function
    return f(*args, **kwargs)
           ^^^^^^^^^^^^^^^^^^
  File "/opt/shelly_monitoring/shelly_monitoring/app.py", line 240, in eliminar_habitacion
    db.session.commit()
  File "/opt/shelly_monitoring/venv/lib/python3.12/site-packages/sqlalchemy/orm/scoping.py", line 599, in commit
    return self._proxied.commit()
           ^^^^^^^^^^^^^^^^^^^^^^
  File "/opt/shelly_monitoring/venv/lib/python3.12/site-packages/sqlalchemy/orm/session.py", line 2032, in commit
    trans.commit(_to_root=True)
  File "<string>", line 2, in commit
  File "/opt/shelly_monitoring/venv/lib/python3.12/site-packages/sqlalchemy/orm/state_changes.py", line 139, in _go
    ret_value = fn(self, *arg, **kw)
                ^^^^^^^^^^^^^^^^^^^^
  File "/opt/shelly_monitoring/venv/lib/python3.12/site-packages/sqlalchemy/orm/session.py", line 1313, in commit
    self._prepare_impl()
  File "<string>", line 2, in _prepare_impl
  File "/opt/shelly_monitoring/venv/lib/python3.12/site-packages/sqlalchemy/orm/state_changes.py", line 139, in _go
    ret_value = fn(self, *arg, **kw)
                ^^^^^^^^^^^^^^^^^^^^
  File "/opt/shelly_monitoring/venv/lib/python3.12/site-packages/sqlalchemy/orm/session.py", line 1288, in _prepare_impl
    self.session.flush()
  File "/opt/shelly_monitoring/venv/lib/python3.12/site-packages/sqlalchemy/orm/session.py", line 4353, in flush
    self._flush(objects)
  File "/opt/shelly_monitoring/venv/lib/python3.12/site-packages/sqlalchemy/orm/session.py", line 4488, in _flush
    with util.safe_reraise():
  File "/opt/shelly_monitoring/venv/lib/python3.12/site-packages/sqlalchemy/util/langhelpers.py", line 146, in __exit__
    raise exc_value.with_traceback(exc_tb)
  File "/opt/shelly_monitoring/venv/lib/python3.12/site-packages/sqlalchemy/orm/session.py", line 4449, in _flush
    flush_context.execute()
  File "/opt/shelly_monitoring/venv/lib/python3.12/site-packages/sqlalchemy/orm/unitofwork.py", line 466, in execute
    rec.execute(self)
  File "/opt/shelly_monitoring/venv/lib/python3.12/site-packages/sqlalchemy/orm/unitofwork.py", line 679, in execute
    util.preloaded.orm_persistence.delete_obj(
  File "/opt/shelly_monitoring/venv/lib/python3.12/site-packages/sqlalchemy/orm/persistence.py", line 193, in delete_obj
    _emit_delete_statements(
  File "/opt/shelly_monitoring/venv/lib/python3.12/site-packages/sqlalchemy/orm/persistence.py", line 1465, in _emit_delete_statements
    c = connection.execute(
        ^^^^^^^^^^^^^^^^^^^
  File "/opt/shelly_monitoring/venv/lib/python3.12/site-packages/sqlalchemy/engine/base.py", line 1416, in execute
    return meth(
           ^^^^^
  File "/opt/shelly_monitoring/venv/lib/python3.12/site-packages/sqlalchemy/sql/elements.py", line 523, in _execute_on_connection
    return connection._execute_clauseelement(
           ^^^^^^^^^^^^^^^^^^^^^^^^^^^^^^^^^^
  File "/opt/shelly_monitoring/venv/lib/python3.12/site-packages/sqlalchemy/engine/base.py", line 1638, in _execute_clauseelement
    ret = self._execute_context(
          ^^^^^^^^^^^^^^^^^^^^^^
  File "/opt/shelly_monitoring/venv/lib/python3.12/site-packages/sqlalchemy/engine/base.py", line 1843, in _execute_context
    return self._exec_single_context(
           ^^^^^^^^^^^^^^^^^^^^^^^^^^
  File "/opt/shelly_monitoring/venv/lib/python3.12/site-packages/sqlalchemy/engine/base.py", line 1983, in _exec_single_context
    self._handle_dbapi_exception(
  File "/opt/shelly_monitoring/venv/lib/python3.12/site-packages/sqlalchemy/engine/base.py", line 2352, in _handle_dbapi_exception
    raise sqlalchemy_exception.with_traceback(exc_info[2]) from e
  File "/opt/shelly_monitoring/venv/lib/python3.12/site-packages/sqlalchemy/engine/base.py", line 1964, in _exec_single_context
    self.dialect.do_execute(
  File "/opt/shelly_monitoring/venv/lib/python3.12/site-packages/sqlalchemy/engine/default.py", line 942, in do_execute
    cursor.execute(statement, parameters)
sqlalchemy.exc.IntegrityError: (psycopg2.errors.ForeignKeyViolation) update or delete on table "habitaciones" violates foreign key constraint "dispositivos_habitacion_id_fkey" on table "dispositivos"
DETAIL:  Key (id)=(6) is still referenced from table "dispositivos".

[SQL: DELETE FROM habitaciones WHERE habitaciones.id = %(id)s]
[parameters: {'id': 6}]
(Background on this error at: https://sqlalche.me/e/20/gkpj)
2025-03-27 05:15:56,745 - INFO - 10.1.5.99 - - [27/Mar/2025 05:15:56] "[35m[1mDELETE /api/habitaciones/6 HTTP/1.1[0m" 500 -
2025-03-27 05:15:58,369 - INFO - 10.1.5.99 - - [27/Mar/2025 05:15:58] "OPTIONS /api/habitaciones/6 HTTP/1.1" 200 -
2025-03-27 05:15:58,404 - ERROR - Exception on /api/habitaciones/6 [DELETE]
Traceback (most recent call last):
  File "/opt/shelly_monitoring/venv/lib/python3.12/site-packages/sqlalchemy/engine/base.py", line 1964, in _exec_single_context
    self.dialect.do_execute(
  File "/opt/shelly_monitoring/venv/lib/python3.12/site-packages/sqlalchemy/engine/default.py", line 942, in do_execute
    cursor.execute(statement, parameters)
psycopg2.errors.ForeignKeyViolation: update or delete on table "habitaciones" violates foreign key constraint "dispositivos_habitacion_id_fkey" on table "dispositivos"
DETAIL:  Key (id)=(6) is still referenced from table "dispositivos".


The above exception was the direct cause of the following exception:

Traceback (most recent call last):
  File "/opt/shelly_monitoring/venv/lib/python3.12/site-packages/flask/app.py", line 1511, in wsgi_app
    response = self.full_dispatch_request()
               ^^^^^^^^^^^^^^^^^^^^^^^^^^^^
  File "/opt/shelly_monitoring/venv/lib/python3.12/site-packages/flask/app.py", line 919, in full_dispatch_request
    rv = self.handle_user_exception(e)
         ^^^^^^^^^^^^^^^^^^^^^^^^^^^^^
  File "/opt/shelly_monitoring/venv/lib/python3.12/site-packages/flask_cors/extension.py", line 176, in wrapped_function
    return cors_after_request(app.make_response(f(*args, **kwargs)))
                                                ^^^^^^^^^^^^^^^^^^
  File "/opt/shelly_monitoring/venv/lib/python3.12/site-packages/flask/app.py", line 917, in full_dispatch_request
    rv = self.dispatch_request()
         ^^^^^^^^^^^^^^^^^^^^^^^
  File "/opt/shelly_monitoring/venv/lib/python3.12/site-packages/flask/app.py", line 902, in dispatch_request
    return self.ensure_sync(self.view_functions[rule.endpoint])(**view_args)  # type: ignore[no-any-return]
           ^^^^^^^^^^^^^^^^^^^^^^^^^^^^^^^^^^^^^^^^^^^^^^^^^^^^^^^^^^^^^^^^^
  File "/opt/shelly_monitoring/shelly_monitoring/app.py", line 69, in decorated_function
    return f(*args, **kwargs)
           ^^^^^^^^^^^^^^^^^^
  File "/opt/shelly_monitoring/shelly_monitoring/app.py", line 240, in eliminar_habitacion
    db.session.commit()
  File "/opt/shelly_monitoring/venv/lib/python3.12/site-packages/sqlalchemy/orm/scoping.py", line 599, in commit
    return self._proxied.commit()
           ^^^^^^^^^^^^^^^^^^^^^^
  File "/opt/shelly_monitoring/venv/lib/python3.12/site-packages/sqlalchemy/orm/session.py", line 2032, in commit
    trans.commit(_to_root=True)
  File "<string>", line 2, in commit
  File "/opt/shelly_monitoring/venv/lib/python3.12/site-packages/sqlalchemy/orm/state_changes.py", line 139, in _go
    ret_value = fn(self, *arg, **kw)
                ^^^^^^^^^^^^^^^^^^^^
  File "/opt/shelly_monitoring/venv/lib/python3.12/site-packages/sqlalchemy/orm/session.py", line 1313, in commit
    self._prepare_impl()
  File "<string>", line 2, in _prepare_impl
  File "/opt/shelly_monitoring/venv/lib/python3.12/site-packages/sqlalchemy/orm/state_changes.py", line 139, in _go
    ret_value = fn(self, *arg, **kw)
                ^^^^^^^^^^^^^^^^^^^^
  File "/opt/shelly_monitoring/venv/lib/python3.12/site-packages/sqlalchemy/orm/session.py", line 1288, in _prepare_impl
    self.session.flush()
  File "/opt/shelly_monitoring/venv/lib/python3.12/site-packages/sqlalchemy/orm/session.py", line 4353, in flush
    self._flush(objects)
  File "/opt/shelly_monitoring/venv/lib/python3.12/site-packages/sqlalchemy/orm/session.py", line 4488, in _flush
    with util.safe_reraise():
  File "/opt/shelly_monitoring/venv/lib/python3.12/site-packages/sqlalchemy/util/langhelpers.py", line 146, in __exit__
    raise exc_value.with_traceback(exc_tb)
  File "/opt/shelly_monitoring/venv/lib/python3.12/site-packages/sqlalchemy/orm/session.py", line 4449, in _flush
    flush_context.execute()
  File "/opt/shelly_monitoring/venv/lib/python3.12/site-packages/sqlalchemy/orm/unitofwork.py", line 466, in execute
    rec.execute(self)
  File "/opt/shelly_monitoring/venv/lib/python3.12/site-packages/sqlalchemy/orm/unitofwork.py", line 679, in execute
    util.preloaded.orm_persistence.delete_obj(
  File "/opt/shelly_monitoring/venv/lib/python3.12/site-packages/sqlalchemy/orm/persistence.py", line 193, in delete_obj
    _emit_delete_statements(
  File "/opt/shelly_monitoring/venv/lib/python3.12/site-packages/sqlalchemy/orm/persistence.py", line 1465, in _emit_delete_statements
    c = connection.execute(
        ^^^^^^^^^^^^^^^^^^^
  File "/opt/shelly_monitoring/venv/lib/python3.12/site-packages/sqlalchemy/engine/base.py", line 1416, in execute
    return meth(
           ^^^^^
  File "/opt/shelly_monitoring/venv/lib/python3.12/site-packages/sqlalchemy/sql/elements.py", line 523, in _execute_on_connection
    return connection._execute_clauseelement(
           ^^^^^^^^^^^^^^^^^^^^^^^^^^^^^^^^^^
  File "/opt/shelly_monitoring/venv/lib/python3.12/site-packages/sqlalchemy/engine/base.py", line 1638, in _execute_clauseelement
    ret = self._execute_context(
          ^^^^^^^^^^^^^^^^^^^^^^
  File "/opt/shelly_monitoring/venv/lib/python3.12/site-packages/sqlalchemy/engine/base.py", line 1843, in _execute_context
    return self._exec_single_context(
           ^^^^^^^^^^^^^^^^^^^^^^^^^^
  File "/opt/shelly_monitoring/venv/lib/python3.12/site-packages/sqlalchemy/engine/base.py", line 1983, in _exec_single_context
    self._handle_dbapi_exception(
  File "/opt/shelly_monitoring/venv/lib/python3.12/site-packages/sqlalchemy/engine/base.py", line 2352, in _handle_dbapi_exception
    raise sqlalchemy_exception.with_traceback(exc_info[2]) from e
  File "/opt/shelly_monitoring/venv/lib/python3.12/site-packages/sqlalchemy/engine/base.py", line 1964, in _exec_single_context
    self.dialect.do_execute(
  File "/opt/shelly_monitoring/venv/lib/python3.12/site-packages/sqlalchemy/engine/default.py", line 942, in do_execute
    cursor.execute(statement, parameters)
sqlalchemy.exc.IntegrityError: (psycopg2.errors.ForeignKeyViolation) update or delete on table "habitaciones" violates foreign key constraint "dispositivos_habitacion_id_fkey" on table "dispositivos"
DETAIL:  Key (id)=(6) is still referenced from table "dispositivos".

[SQL: DELETE FROM habitaciones WHERE habitaciones.id = %(id)s]
[parameters: {'id': 6}]
(Background on this error at: https://sqlalche.me/e/20/gkpj)
2025-03-27 05:15:58,408 - INFO - 10.1.5.99 - - [27/Mar/2025 05:15:58] "[35m[1mDELETE /api/habitaciones/6 HTTP/1.1[0m" 500 -
2025-03-27 05:15:59,390 - ERROR - Exception on /api/habitaciones/6 [DELETE]
Traceback (most recent call last):
  File "/opt/shelly_monitoring/venv/lib/python3.12/site-packages/sqlalchemy/engine/base.py", line 1964, in _exec_single_context
    self.dialect.do_execute(
  File "/opt/shelly_monitoring/venv/lib/python3.12/site-packages/sqlalchemy/engine/default.py", line 942, in do_execute
    cursor.execute(statement, parameters)
psycopg2.errors.ForeignKeyViolation: update or delete on table "habitaciones" violates foreign key constraint "dispositivos_habitacion_id_fkey" on table "dispositivos"
DETAIL:  Key (id)=(6) is still referenced from table "dispositivos".


The above exception was the direct cause of the following exception:

Traceback (most recent call last):
  File "/opt/shelly_monitoring/venv/lib/python3.12/site-packages/flask/app.py", line 1511, in wsgi_app
    response = self.full_dispatch_request()
               ^^^^^^^^^^^^^^^^^^^^^^^^^^^^
  File "/opt/shelly_monitoring/venv/lib/python3.12/site-packages/flask/app.py", line 919, in full_dispatch_request
    rv = self.handle_user_exception(e)
         ^^^^^^^^^^^^^^^^^^^^^^^^^^^^^
  File "/opt/shelly_monitoring/venv/lib/python3.12/site-packages/flask_cors/extension.py", line 176, in wrapped_function
    return cors_after_request(app.make_response(f(*args, **kwargs)))
                                                ^^^^^^^^^^^^^^^^^^
  File "/opt/shelly_monitoring/venv/lib/python3.12/site-packages/flask/app.py", line 917, in full_dispatch_request
    rv = self.dispatch_request()
         ^^^^^^^^^^^^^^^^^^^^^^^
  File "/opt/shelly_monitoring/venv/lib/python3.12/site-packages/flask/app.py", line 902, in dispatch_request
    return self.ensure_sync(self.view_functions[rule.endpoint])(**view_args)  # type: ignore[no-any-return]
           ^^^^^^^^^^^^^^^^^^^^^^^^^^^^^^^^^^^^^^^^^^^^^^^^^^^^^^^^^^^^^^^^^
  File "/opt/shelly_monitoring/shelly_monitoring/app.py", line 69, in decorated_function
    return f(*args, **kwargs)
           ^^^^^^^^^^^^^^^^^^
  File "/opt/shelly_monitoring/shelly_monitoring/app.py", line 240, in eliminar_habitacion
    db.session.commit()
  File "/opt/shelly_monitoring/venv/lib/python3.12/site-packages/sqlalchemy/orm/scoping.py", line 599, in commit
    return self._proxied.commit()
           ^^^^^^^^^^^^^^^^^^^^^^
  File "/opt/shelly_monitoring/venv/lib/python3.12/site-packages/sqlalchemy/orm/session.py", line 2032, in commit
    trans.commit(_to_root=True)
  File "<string>", line 2, in commit
  File "/opt/shelly_monitoring/venv/lib/python3.12/site-packages/sqlalchemy/orm/state_changes.py", line 139, in _go
    ret_value = fn(self, *arg, **kw)
                ^^^^^^^^^^^^^^^^^^^^
  File "/opt/shelly_monitoring/venv/lib/python3.12/site-packages/sqlalchemy/orm/session.py", line 1313, in commit
    self._prepare_impl()
  File "<string>", line 2, in _prepare_impl
  File "/opt/shelly_monitoring/venv/lib/python3.12/site-packages/sqlalchemy/orm/state_changes.py", line 139, in _go
    ret_value = fn(self, *arg, **kw)
                ^^^^^^^^^^^^^^^^^^^^
  File "/opt/shelly_monitoring/venv/lib/python3.12/site-packages/sqlalchemy/orm/session.py", line 1288, in _prepare_impl
    self.session.flush()
  File "/opt/shelly_monitoring/venv/lib/python3.12/site-packages/sqlalchemy/orm/session.py", line 4353, in flush
    self._flush(objects)
  File "/opt/shelly_monitoring/venv/lib/python3.12/site-packages/sqlalchemy/orm/session.py", line 4488, in _flush
    with util.safe_reraise():
  File "/opt/shelly_monitoring/venv/lib/python3.12/site-packages/sqlalchemy/util/langhelpers.py", line 146, in __exit__
    raise exc_value.with_traceback(exc_tb)
  File "/opt/shelly_monitoring/venv/lib/python3.12/site-packages/sqlalchemy/orm/session.py", line 4449, in _flush
    flush_context.execute()
  File "/opt/shelly_monitoring/venv/lib/python3.12/site-packages/sqlalchemy/orm/unitofwork.py", line 466, in execute
    rec.execute(self)
  File "/opt/shelly_monitoring/venv/lib/python3.12/site-packages/sqlalchemy/orm/unitofwork.py", line 679, in execute
    util.preloaded.orm_persistence.delete_obj(
  File "/opt/shelly_monitoring/venv/lib/python3.12/site-packages/sqlalchemy/orm/persistence.py", line 193, in delete_obj
    _emit_delete_statements(
  File "/opt/shelly_monitoring/venv/lib/python3.12/site-packages/sqlalchemy/orm/persistence.py", line 1465, in _emit_delete_statements
    c = connection.execute(
        ^^^^^^^^^^^^^^^^^^^
  File "/opt/shelly_monitoring/venv/lib/python3.12/site-packages/sqlalchemy/engine/base.py", line 1416, in execute
    return meth(
           ^^^^^
  File "/opt/shelly_monitoring/venv/lib/python3.12/site-packages/sqlalchemy/sql/elements.py", line 523, in _execute_on_connection
    return connection._execute_clauseelement(
           ^^^^^^^^^^^^^^^^^^^^^^^^^^^^^^^^^^
  File "/opt/shelly_monitoring/venv/lib/python3.12/site-packages/sqlalchemy/engine/base.py", line 1638, in _execute_clauseelement
    ret = self._execute_context(
          ^^^^^^^^^^^^^^^^^^^^^^
  File "/opt/shelly_monitoring/venv/lib/python3.12/site-packages/sqlalchemy/engine/base.py", line 1843, in _execute_context
    return self._exec_single_context(
           ^^^^^^^^^^^^^^^^^^^^^^^^^^
  File "/opt/shelly_monitoring/venv/lib/python3.12/site-packages/sqlalchemy/engine/base.py", line 1983, in _exec_single_context
    self._handle_dbapi_exception(
  File "/opt/shelly_monitoring/venv/lib/python3.12/site-packages/sqlalchemy/engine/base.py", line 2352, in _handle_dbapi_exception
    raise sqlalchemy_exception.with_traceback(exc_info[2]) from e
  File "/opt/shelly_monitoring/venv/lib/python3.12/site-packages/sqlalchemy/engine/base.py", line 1964, in _exec_single_context
    self.dialect.do_execute(
  File "/opt/shelly_monitoring/venv/lib/python3.12/site-packages/sqlalchemy/engine/default.py", line 942, in do_execute
    cursor.execute(statement, parameters)
sqlalchemy.exc.IntegrityError: (psycopg2.errors.ForeignKeyViolation) update or delete on table "habitaciones" violates foreign key constraint "dispositivos_habitacion_id_fkey" on table "dispositivos"
DETAIL:  Key (id)=(6) is still referenced from table "dispositivos".

[SQL: DELETE FROM habitaciones WHERE habitaciones.id = %(id)s]
[parameters: {'id': 6}]
(Background on this error at: https://sqlalche.me/e/20/gkpj)
2025-03-27 05:15:59,393 - INFO - 10.1.5.99 - - [27/Mar/2025 05:15:59] "[35m[1mDELETE /api/habitaciones/6 HTTP/1.1[0m" 500 -
2025-03-27 05:16:00,615 - ERROR - Exception on /api/habitaciones/6 [DELETE]
Traceback (most recent call last):
  File "/opt/shelly_monitoring/venv/lib/python3.12/site-packages/sqlalchemy/engine/base.py", line 1964, in _exec_single_context
    self.dialect.do_execute(
  File "/opt/shelly_monitoring/venv/lib/python3.12/site-packages/sqlalchemy/engine/default.py", line 942, in do_execute
    cursor.execute(statement, parameters)
psycopg2.errors.ForeignKeyViolation: update or delete on table "habitaciones" violates foreign key constraint "dispositivos_habitacion_id_fkey" on table "dispositivos"
DETAIL:  Key (id)=(6) is still referenced from table "dispositivos".


The above exception was the direct cause of the following exception:

Traceback (most recent call last):
  File "/opt/shelly_monitoring/venv/lib/python3.12/site-packages/flask/app.py", line 1511, in wsgi_app
    response = self.full_dispatch_request()
               ^^^^^^^^^^^^^^^^^^^^^^^^^^^^
  File "/opt/shelly_monitoring/venv/lib/python3.12/site-packages/flask/app.py", line 919, in full_dispatch_request
    rv = self.handle_user_exception(e)
         ^^^^^^^^^^^^^^^^^^^^^^^^^^^^^
  File "/opt/shelly_monitoring/venv/lib/python3.12/site-packages/flask_cors/extension.py", line 176, in wrapped_function
    return cors_after_request(app.make_response(f(*args, **kwargs)))
                                                ^^^^^^^^^^^^^^^^^^
  File "/opt/shelly_monitoring/venv/lib/python3.12/site-packages/flask/app.py", line 917, in full_dispatch_request
    rv = self.dispatch_request()
         ^^^^^^^^^^^^^^^^^^^^^^^
  File "/opt/shelly_monitoring/venv/lib/python3.12/site-packages/flask/app.py", line 902, in dispatch_request
    return self.ensure_sync(self.view_functions[rule.endpoint])(**view_args)  # type: ignore[no-any-return]
           ^^^^^^^^^^^^^^^^^^^^^^^^^^^^^^^^^^^^^^^^^^^^^^^^^^^^^^^^^^^^^^^^^
  File "/opt/shelly_monitoring/shelly_monitoring/app.py", line 69, in decorated_function
    return f(*args, **kwargs)
           ^^^^^^^^^^^^^^^^^^
  File "/opt/shelly_monitoring/shelly_monitoring/app.py", line 240, in eliminar_habitacion
    db.session.commit()
  File "/opt/shelly_monitoring/venv/lib/python3.12/site-packages/sqlalchemy/orm/scoping.py", line 599, in commit
    return self._proxied.commit()
           ^^^^^^^^^^^^^^^^^^^^^^
  File "/opt/shelly_monitoring/venv/lib/python3.12/site-packages/sqlalchemy/orm/session.py", line 2032, in commit
    trans.commit(_to_root=True)
  File "<string>", line 2, in commit
  File "/opt/shelly_monitoring/venv/lib/python3.12/site-packages/sqlalchemy/orm/state_changes.py", line 139, in _go
    ret_value = fn(self, *arg, **kw)
                ^^^^^^^^^^^^^^^^^^^^
  File "/opt/shelly_monitoring/venv/lib/python3.12/site-packages/sqlalchemy/orm/session.py", line 1313, in commit
    self._prepare_impl()
  File "<string>", line 2, in _prepare_impl
  File "/opt/shelly_monitoring/venv/lib/python3.12/site-packages/sqlalchemy/orm/state_changes.py", line 139, in _go
    ret_value = fn(self, *arg, **kw)
                ^^^^^^^^^^^^^^^^^^^^
  File "/opt/shelly_monitoring/venv/lib/python3.12/site-packages/sqlalchemy/orm/session.py", line 1288, in _prepare_impl
    self.session.flush()
  File "/opt/shelly_monitoring/venv/lib/python3.12/site-packages/sqlalchemy/orm/session.py", line 4353, in flush
    self._flush(objects)
  File "/opt/shelly_monitoring/venv/lib/python3.12/site-packages/sqlalchemy/orm/session.py", line 4488, in _flush
    with util.safe_reraise():
  File "/opt/shelly_monitoring/venv/lib/python3.12/site-packages/sqlalchemy/util/langhelpers.py", line 146, in __exit__
    raise exc_value.with_traceback(exc_tb)
  File "/opt/shelly_monitoring/venv/lib/python3.12/site-packages/sqlalchemy/orm/session.py", line 4449, in _flush
    flush_context.execute()
  File "/opt/shelly_monitoring/venv/lib/python3.12/site-packages/sqlalchemy/orm/unitofwork.py", line 466, in execute
    rec.execute(self)
  File "/opt/shelly_monitoring/venv/lib/python3.12/site-packages/sqlalchemy/orm/unitofwork.py", line 679, in execute
    util.preloaded.orm_persistence.delete_obj(
  File "/opt/shelly_monitoring/venv/lib/python3.12/site-packages/sqlalchemy/orm/persistence.py", line 193, in delete_obj
    _emit_delete_statements(
  File "/opt/shelly_monitoring/venv/lib/python3.12/site-packages/sqlalchemy/orm/persistence.py", line 1465, in _emit_delete_statements
    c = connection.execute(
        ^^^^^^^^^^^^^^^^^^^
  File "/opt/shelly_monitoring/venv/lib/python3.12/site-packages/sqlalchemy/engine/base.py", line 1416, in execute
    return meth(
           ^^^^^
  File "/opt/shelly_monitoring/venv/lib/python3.12/site-packages/sqlalchemy/sql/elements.py", line 523, in _execute_on_connection
    return connection._execute_clauseelement(
           ^^^^^^^^^^^^^^^^^^^^^^^^^^^^^^^^^^
  File "/opt/shelly_monitoring/venv/lib/python3.12/site-packages/sqlalchemy/engine/base.py", line 1638, in _execute_clauseelement
    ret = self._execute_context(
          ^^^^^^^^^^^^^^^^^^^^^^
  File "/opt/shelly_monitoring/venv/lib/python3.12/site-packages/sqlalchemy/engine/base.py", line 1843, in _execute_context
    return self._exec_single_context(
           ^^^^^^^^^^^^^^^^^^^^^^^^^^
  File "/opt/shelly_monitoring/venv/lib/python3.12/site-packages/sqlalchemy/engine/base.py", line 1983, in _exec_single_context
    self._handle_dbapi_exception(
  File "/opt/shelly_monitoring/venv/lib/python3.12/site-packages/sqlalchemy/engine/base.py", line 2352, in _handle_dbapi_exception
    raise sqlalchemy_exception.with_traceback(exc_info[2]) from e
  File "/opt/shelly_monitoring/venv/lib/python3.12/site-packages/sqlalchemy/engine/base.py", line 1964, in _exec_single_context
    self.dialect.do_execute(
  File "/opt/shelly_monitoring/venv/lib/python3.12/site-packages/sqlalchemy/engine/default.py", line 942, in do_execute
    cursor.execute(statement, parameters)
sqlalchemy.exc.IntegrityError: (psycopg2.errors.ForeignKeyViolation) update or delete on table "habitaciones" violates foreign key constraint "dispositivos_habitacion_id_fkey" on table "dispositivos"
DETAIL:  Key (id)=(6) is still referenced from table "dispositivos".

[SQL: DELETE FROM habitaciones WHERE habitaciones.id = %(id)s]
[parameters: {'id': 6}]
(Background on this error at: https://sqlalche.me/e/20/gkpj)
2025-03-27 05:16:00,618 - INFO - 10.1.5.99 - - [27/Mar/2025 05:16:00] "[35m[1mDELETE /api/habitaciones/6 HTTP/1.1[0m" 500 -
2025-03-27 05:16:01,513 - ERROR - Exception on /api/habitaciones/6 [DELETE]
Traceback (most recent call last):
  File "/opt/shelly_monitoring/venv/lib/python3.12/site-packages/sqlalchemy/engine/base.py", line 1964, in _exec_single_context
    self.dialect.do_execute(
  File "/opt/shelly_monitoring/venv/lib/python3.12/site-packages/sqlalchemy/engine/default.py", line 942, in do_execute
    cursor.execute(statement, parameters)
psycopg2.errors.ForeignKeyViolation: update or delete on table "habitaciones" violates foreign key constraint "dispositivos_habitacion_id_fkey" on table "dispositivos"
DETAIL:  Key (id)=(6) is still referenced from table "dispositivos".


The above exception was the direct cause of the following exception:

Traceback (most recent call last):
  File "/opt/shelly_monitoring/venv/lib/python3.12/site-packages/flask/app.py", line 1511, in wsgi_app
    response = self.full_dispatch_request()
               ^^^^^^^^^^^^^^^^^^^^^^^^^^^^
  File "/opt/shelly_monitoring/venv/lib/python3.12/site-packages/flask/app.py", line 919, in full_dispatch_request
    rv = self.handle_user_exception(e)
         ^^^^^^^^^^^^^^^^^^^^^^^^^^^^^
  File "/opt/shelly_monitoring/venv/lib/python3.12/site-packages/flask_cors/extension.py", line 176, in wrapped_function
    return cors_after_request(app.make_response(f(*args, **kwargs)))
                                                ^^^^^^^^^^^^^^^^^^
  File "/opt/shelly_monitoring/venv/lib/python3.12/site-packages/flask/app.py", line 917, in full_dispatch_request
    rv = self.dispatch_request()
         ^^^^^^^^^^^^^^^^^^^^^^^
  File "/opt/shelly_monitoring/venv/lib/python3.12/site-packages/flask/app.py", line 902, in dispatch_request
    return self.ensure_sync(self.view_functions[rule.endpoint])(**view_args)  # type: ignore[no-any-return]
           ^^^^^^^^^^^^^^^^^^^^^^^^^^^^^^^^^^^^^^^^^^^^^^^^^^^^^^^^^^^^^^^^^
  File "/opt/shelly_monitoring/shelly_monitoring/app.py", line 69, in decorated_function
    return f(*args, **kwargs)
           ^^^^^^^^^^^^^^^^^^
  File "/opt/shelly_monitoring/shelly_monitoring/app.py", line 240, in eliminar_habitacion
    db.session.commit()
  File "/opt/shelly_monitoring/venv/lib/python3.12/site-packages/sqlalchemy/orm/scoping.py", line 599, in commit
    return self._proxied.commit()
           ^^^^^^^^^^^^^^^^^^^^^^
  File "/opt/shelly_monitoring/venv/lib/python3.12/site-packages/sqlalchemy/orm/session.py", line 2032, in commit
    trans.commit(_to_root=True)
  File "<string>", line 2, in commit
  File "/opt/shelly_monitoring/venv/lib/python3.12/site-packages/sqlalchemy/orm/state_changes.py", line 139, in _go
    ret_value = fn(self, *arg, **kw)
                ^^^^^^^^^^^^^^^^^^^^
  File "/opt/shelly_monitoring/venv/lib/python3.12/site-packages/sqlalchemy/orm/session.py", line 1313, in commit
    self._prepare_impl()
  File "<string>", line 2, in _prepare_impl
  File "/opt/shelly_monitoring/venv/lib/python3.12/site-packages/sqlalchemy/orm/state_changes.py", line 139, in _go
    ret_value = fn(self, *arg, **kw)
                ^^^^^^^^^^^^^^^^^^^^
  File "/opt/shelly_monitoring/venv/lib/python3.12/site-packages/sqlalchemy/orm/session.py", line 1288, in _prepare_impl
    self.session.flush()
  File "/opt/shelly_monitoring/venv/lib/python3.12/site-packages/sqlalchemy/orm/session.py", line 4353, in flush
    self._flush(objects)
  File "/opt/shelly_monitoring/venv/lib/python3.12/site-packages/sqlalchemy/orm/session.py", line 4488, in _flush
    with util.safe_reraise():
  File "/opt/shelly_monitoring/venv/lib/python3.12/site-packages/sqlalchemy/util/langhelpers.py", line 146, in __exit__
    raise exc_value.with_traceback(exc_tb)
  File "/opt/shelly_monitoring/venv/lib/python3.12/site-packages/sqlalchemy/orm/session.py", line 4449, in _flush
    flush_context.execute()
  File "/opt/shelly_monitoring/venv/lib/python3.12/site-packages/sqlalchemy/orm/unitofwork.py", line 466, in execute
    rec.execute(self)
  File "/opt/shelly_monitoring/venv/lib/python3.12/site-packages/sqlalchemy/orm/unitofwork.py", line 679, in execute
    util.preloaded.orm_persistence.delete_obj(
  File "/opt/shelly_monitoring/venv/lib/python3.12/site-packages/sqlalchemy/orm/persistence.py", line 193, in delete_obj
    _emit_delete_statements(
  File "/opt/shelly_monitoring/venv/lib/python3.12/site-packages/sqlalchemy/orm/persistence.py", line 1465, in _emit_delete_statements
    c = connection.execute(
        ^^^^^^^^^^^^^^^^^^^
  File "/opt/shelly_monitoring/venv/lib/python3.12/site-packages/sqlalchemy/engine/base.py", line 1416, in execute
    return meth(
           ^^^^^
  File "/opt/shelly_monitoring/venv/lib/python3.12/site-packages/sqlalchemy/sql/elements.py", line 523, in _execute_on_connection
    return connection._execute_clauseelement(
           ^^^^^^^^^^^^^^^^^^^^^^^^^^^^^^^^^^
  File "/opt/shelly_monitoring/venv/lib/python3.12/site-packages/sqlalchemy/engine/base.py", line 1638, in _execute_clauseelement
    ret = self._execute_context(
          ^^^^^^^^^^^^^^^^^^^^^^
  File "/opt/shelly_monitoring/venv/lib/python3.12/site-packages/sqlalchemy/engine/base.py", line 1843, in _execute_context
    return self._exec_single_context(
           ^^^^^^^^^^^^^^^^^^^^^^^^^^
  File "/opt/shelly_monitoring/venv/lib/python3.12/site-packages/sqlalchemy/engine/base.py", line 1983, in _exec_single_context
    self._handle_dbapi_exception(
  File "/opt/shelly_monitoring/venv/lib/python3.12/site-packages/sqlalchemy/engine/base.py", line 2352, in _handle_dbapi_exception
    raise sqlalchemy_exception.with_traceback(exc_info[2]) from e
  File "/opt/shelly_monitoring/venv/lib/python3.12/site-packages/sqlalchemy/engine/base.py", line 1964, in _exec_single_context
    self.dialect.do_execute(
  File "/opt/shelly_monitoring/venv/lib/python3.12/site-packages/sqlalchemy/engine/default.py", line 942, in do_execute
    cursor.execute(statement, parameters)
sqlalchemy.exc.IntegrityError: (psycopg2.errors.ForeignKeyViolation) update or delete on table "habitaciones" violates foreign key constraint "dispositivos_habitacion_id_fkey" on table "dispositivos"
DETAIL:  Key (id)=(6) is still referenced from table "dispositivos".

[SQL: DELETE FROM habitaciones WHERE habitaciones.id = %(id)s]
[parameters: {'id': 6}]
(Background on this error at: https://sqlalche.me/e/20/gkpj)
2025-03-27 05:16:01,517 - INFO - 10.1.5.99 - - [27/Mar/2025 05:16:01] "[35m[1mDELETE /api/habitaciones/6 HTTP/1.1[0m" 500 -
2025-03-27 05:16:05,779 - INFO - 10.1.5.99 - - [27/Mar/2025 05:16:05] "OPTIONS /api/habitaciones/6 HTTP/1.1" 200 -
2025-03-27 05:16:05,808 - ERROR - Exception on /api/habitaciones/6 [DELETE]
Traceback (most recent call last):
  File "/opt/shelly_monitoring/venv/lib/python3.12/site-packages/sqlalchemy/engine/base.py", line 1964, in _exec_single_context
    self.dialect.do_execute(
  File "/opt/shelly_monitoring/venv/lib/python3.12/site-packages/sqlalchemy/engine/default.py", line 942, in do_execute
    cursor.execute(statement, parameters)
psycopg2.errors.ForeignKeyViolation: update or delete on table "habitaciones" violates foreign key constraint "dispositivos_habitacion_id_fkey" on table "dispositivos"
DETAIL:  Key (id)=(6) is still referenced from table "dispositivos".


The above exception was the direct cause of the following exception:

Traceback (most recent call last):
  File "/opt/shelly_monitoring/venv/lib/python3.12/site-packages/flask/app.py", line 1511, in wsgi_app
    response = self.full_dispatch_request()
               ^^^^^^^^^^^^^^^^^^^^^^^^^^^^
  File "/opt/shelly_monitoring/venv/lib/python3.12/site-packages/flask/app.py", line 919, in full_dispatch_request
    rv = self.handle_user_exception(e)
         ^^^^^^^^^^^^^^^^^^^^^^^^^^^^^
  File "/opt/shelly_monitoring/venv/lib/python3.12/site-packages/flask_cors/extension.py", line 176, in wrapped_function
    return cors_after_request(app.make_response(f(*args, **kwargs)))
                                                ^^^^^^^^^^^^^^^^^^
  File "/opt/shelly_monitoring/venv/lib/python3.12/site-packages/flask/app.py", line 917, in full_dispatch_request
    rv = self.dispatch_request()
         ^^^^^^^^^^^^^^^^^^^^^^^
  File "/opt/shelly_monitoring/venv/lib/python3.12/site-packages/flask/app.py", line 902, in dispatch_request
    return self.ensure_sync(self.view_functions[rule.endpoint])(**view_args)  # type: ignore[no-any-return]
           ^^^^^^^^^^^^^^^^^^^^^^^^^^^^^^^^^^^^^^^^^^^^^^^^^^^^^^^^^^^^^^^^^
  File "/opt/shelly_monitoring/shelly_monitoring/app.py", line 69, in decorated_function
    return f(*args, **kwargs)
           ^^^^^^^^^^^^^^^^^^
  File "/opt/shelly_monitoring/shelly_monitoring/app.py", line 240, in eliminar_habitacion
    db.session.commit()
  File "/opt/shelly_monitoring/venv/lib/python3.12/site-packages/sqlalchemy/orm/scoping.py", line 599, in commit
    return self._proxied.commit()
           ^^^^^^^^^^^^^^^^^^^^^^
  File "/opt/shelly_monitoring/venv/lib/python3.12/site-packages/sqlalchemy/orm/session.py", line 2032, in commit
    trans.commit(_to_root=True)
  File "<string>", line 2, in commit
  File "/opt/shelly_monitoring/venv/lib/python3.12/site-packages/sqlalchemy/orm/state_changes.py", line 139, in _go
    ret_value = fn(self, *arg, **kw)
                ^^^^^^^^^^^^^^^^^^^^
  File "/opt/shelly_monitoring/venv/lib/python3.12/site-packages/sqlalchemy/orm/session.py", line 1313, in commit
    self._prepare_impl()
  File "<string>", line 2, in _prepare_impl
  File "/opt/shelly_monitoring/venv/lib/python3.12/site-packages/sqlalchemy/orm/state_changes.py", line 139, in _go
    ret_value = fn(self, *arg, **kw)
                ^^^^^^^^^^^^^^^^^^^^
  File "/opt/shelly_monitoring/venv/lib/python3.12/site-packages/sqlalchemy/orm/session.py", line 1288, in _prepare_impl
    self.session.flush()
  File "/opt/shelly_monitoring/venv/lib/python3.12/site-packages/sqlalchemy/orm/session.py", line 4353, in flush
    self._flush(objects)
  File "/opt/shelly_monitoring/venv/lib/python3.12/site-packages/sqlalchemy/orm/session.py", line 4488, in _flush
    with util.safe_reraise():
  File "/opt/shelly_monitoring/venv/lib/python3.12/site-packages/sqlalchemy/util/langhelpers.py", line 146, in __exit__
    raise exc_value.with_traceback(exc_tb)
  File "/opt/shelly_monitoring/venv/lib/python3.12/site-packages/sqlalchemy/orm/session.py", line 4449, in _flush
    flush_context.execute()
  File "/opt/shelly_monitoring/venv/lib/python3.12/site-packages/sqlalchemy/orm/unitofwork.py", line 466, in execute
    rec.execute(self)
  File "/opt/shelly_monitoring/venv/lib/python3.12/site-packages/sqlalchemy/orm/unitofwork.py", line 679, in execute
    util.preloaded.orm_persistence.delete_obj(
  File "/opt/shelly_monitoring/venv/lib/python3.12/site-packages/sqlalchemy/orm/persistence.py", line 193, in delete_obj
    _emit_delete_statements(
  File "/opt/shelly_monitoring/venv/lib/python3.12/site-packages/sqlalchemy/orm/persistence.py", line 1465, in _emit_delete_statements
    c = connection.execute(
        ^^^^^^^^^^^^^^^^^^^
  File "/opt/shelly_monitoring/venv/lib/python3.12/site-packages/sqlalchemy/engine/base.py", line 1416, in execute
    return meth(
           ^^^^^
  File "/opt/shelly_monitoring/venv/lib/python3.12/site-packages/sqlalchemy/sql/elements.py", line 523, in _execute_on_connection
    return connection._execute_clauseelement(
           ^^^^^^^^^^^^^^^^^^^^^^^^^^^^^^^^^^
  File "/opt/shelly_monitoring/venv/lib/python3.12/site-packages/sqlalchemy/engine/base.py", line 1638, in _execute_clauseelement
    ret = self._execute_context(
          ^^^^^^^^^^^^^^^^^^^^^^
  File "/opt/shelly_monitoring/venv/lib/python3.12/site-packages/sqlalchemy/engine/base.py", line 1843, in _execute_context
    return self._exec_single_context(
           ^^^^^^^^^^^^^^^^^^^^^^^^^^
  File "/opt/shelly_monitoring/venv/lib/python3.12/site-packages/sqlalchemy/engine/base.py", line 1983, in _exec_single_context
    self._handle_dbapi_exception(
  File "/opt/shelly_monitoring/venv/lib/python3.12/site-packages/sqlalchemy/engine/base.py", line 2352, in _handle_dbapi_exception
    raise sqlalchemy_exception.with_traceback(exc_info[2]) from e
  File "/opt/shelly_monitoring/venv/lib/python3.12/site-packages/sqlalchemy/engine/base.py", line 1964, in _exec_single_context
    self.dialect.do_execute(
  File "/opt/shelly_monitoring/venv/lib/python3.12/site-packages/sqlalchemy/engine/default.py", line 942, in do_execute
    cursor.execute(statement, parameters)
sqlalchemy.exc.IntegrityError: (psycopg2.errors.ForeignKeyViolation) update or delete on table "habitaciones" violates foreign key constraint "dispositivos_habitacion_id_fkey" on table "dispositivos"
DETAIL:  Key (id)=(6) is still referenced from table "dispositivos".

[SQL: DELETE FROM habitaciones WHERE habitaciones.id = %(id)s]
[parameters: {'id': 6}]
(Background on this error at: https://sqlalche.me/e/20/gkpj)
2025-03-27 05:16:05,812 - INFO - 10.1.5.99 - - [27/Mar/2025 05:16:05] "[35m[1mDELETE /api/habitaciones/6 HTTP/1.1[0m" 500 -
2025-03-27 05:16:06,949 - INFO - 10.1.5.99 - - [27/Mar/2025 05:16:06] "OPTIONS /api/habitaciones/6/dispositivos HTTP/1.1" 200 -
2025-03-27 05:16:06,984 - INFO - 10.1.5.99 - - [27/Mar/2025 05:16:06] "GET /api/habitaciones/6/dispositivos HTTP/1.1" 200 -
2025-03-27 05:29:33,034 - INFO - 10.1.5.99 - - [27/Mar/2025 05:29:33] "OPTIONS /api/tableros HTTP/1.1" 200 -
2025-03-27 05:29:33,045 - INFO - 10.1.5.99 - - [27/Mar/2025 05:29:33] "OPTIONS /api/tableros HTTP/1.1" 200 -
2025-03-27 05:29:33,063 - INFO - 10.1.5.99 - - [27/Mar/2025 05:29:33] "GET /api/tableros HTTP/1.1" 200 -
2025-03-27 05:29:33,099 - INFO - 10.1.5.99 - - [27/Mar/2025 05:29:33] "GET /api/tableros HTTP/1.1" 200 -
2025-03-27 05:29:33,136 - INFO - 10.1.5.99 - - [27/Mar/2025 05:29:33] "OPTIONS /api/dispositivos HTTP/1.1" 200 -
2025-03-27 05:29:33,147 - INFO - 10.1.5.99 - - [27/Mar/2025 05:29:33] "OPTIONS /api/tableros/2/habitaciones HTTP/1.1" 200 -
2025-03-27 05:29:33,152 - INFO - 10.1.5.99 - - [27/Mar/2025 05:29:33] "OPTIONS /api/tableros/2/habitaciones HTTP/1.1" 200 -
2025-03-27 05:29:33,173 - INFO - 10.1.5.99 - - [27/Mar/2025 05:29:33] "OPTIONS /api/tableros/2/habitaciones HTTP/1.1" 200 -
2025-03-27 05:29:33,191 - INFO - 10.1.5.99 - - [27/Mar/2025 05:29:33] "GET /api/dispositivos HTTP/1.1" 200 -
2025-03-27 05:29:33,193 - INFO - 10.1.5.99 - - [27/Mar/2025 05:29:33] "GET /api/tableros/2/habitaciones HTTP/1.1" 200 -
2025-03-27 05:29:33,256 - INFO - 10.1.5.99 - - [27/Mar/2025 05:29:33] "GET /api/tableros/2/habitaciones HTTP/1.1" 200 -
2025-03-27 05:29:33,264 - INFO - 10.1.5.99 - - [27/Mar/2025 05:29:33] "OPTIONS /api/tableros/3/habitaciones HTTP/1.1" 200 -
2025-03-27 05:29:33,286 - INFO - 10.1.5.99 - - [27/Mar/2025 05:29:33] "GET /api/tableros/2/habitaciones HTTP/1.1" 200 -
2025-03-27 05:29:33,293 - INFO - 10.1.5.99 - - [27/Mar/2025 05:29:33] "GET /api/tableros/3/habitaciones HTTP/1.1" 200 -
2025-03-27 05:29:33,361 - INFO - 10.1.5.99 - - [27/Mar/2025 05:29:33] "OPTIONS /api/tableros/4/habitaciones HTTP/1.1" 200 -
2025-03-27 05:29:33,390 - INFO - 10.1.5.99 - - [27/Mar/2025 05:29:33] "GET /api/tableros/4/habitaciones HTTP/1.1" 200 -
2025-03-27 05:29:33,436 - INFO - 10.1.5.99 - - [27/Mar/2025 05:29:33] "OPTIONS /api/tableros/5/habitaciones HTTP/1.1" 200 -
2025-03-27 05:29:33,464 - INFO - 10.1.5.99 - - [27/Mar/2025 05:29:33] "GET /api/tableros/5/habitaciones HTTP/1.1" 200 -
2025-03-27 05:29:33,490 - INFO - 10.1.5.99 - - [27/Mar/2025 05:29:33] "OPTIONS /api/tableros/6/habitaciones HTTP/1.1" 200 -
2025-03-27 05:29:33,519 - INFO - 10.1.5.99 - - [27/Mar/2025 05:29:33] "GET /api/tableros/6/habitaciones HTTP/1.1" 200 -
2025-03-27 05:29:33,611 - INFO - 10.1.5.99 - - [27/Mar/2025 05:29:33] "GET /api/dispositivos HTTP/1.1" 200 -
2025-03-27 05:34:42,879 - INFO - 10.1.5.99 - - [27/Mar/2025 05:34:42] "OPTIONS /api/tableros/3/habitaciones HTTP/1.1" 200 -
2025-03-27 05:34:42,888 - INFO - 10.1.5.99 - - [27/Mar/2025 05:34:42] "OPTIONS /api/tableros/3/habitaciones HTTP/1.1" 200 -
2025-03-27 05:34:42,907 - INFO - 10.1.5.99 - - [27/Mar/2025 05:34:42] "GET /api/tableros/3/habitaciones HTTP/1.1" 200 -
2025-03-27 05:34:42,931 - INFO - 10.1.5.99 - - [27/Mar/2025 05:34:42] "GET /api/tableros/3/habitaciones HTTP/1.1" 200 -
2025-03-27 05:34:44,764 - INFO - 10.1.5.99 - - [27/Mar/2025 05:34:44] "OPTIONS /api/tableros HTTP/1.1" 200 -
2025-03-27 05:34:44,775 - INFO - 10.1.5.99 - - [27/Mar/2025 05:34:44] "OPTIONS /api/tableros HTTP/1.1" 200 -
2025-03-27 05:34:44,788 - INFO - 10.1.5.99 - - [27/Mar/2025 05:34:44] "GET /api/tableros HTTP/1.1" 200 -
2025-03-27 05:34:44,812 - INFO - 10.1.5.99 - - [27/Mar/2025 05:34:44] "GET /api/tableros HTTP/1.1" 200 -
2025-03-27 05:34:44,852 - INFO - 10.1.5.99 - - [27/Mar/2025 05:34:44] "OPTIONS /api/dispositivos HTTP/1.1" 200 -
2025-03-27 05:34:44,867 - INFO - 10.1.5.99 - - [27/Mar/2025 05:34:44] "OPTIONS /api/tableros/2/habitaciones HTTP/1.1" 200 -
2025-03-27 05:34:44,874 - INFO - 10.1.5.99 - - [27/Mar/2025 05:34:44] "OPTIONS /api/tableros/2/habitaciones HTTP/1.1" 200 -
2025-03-27 05:34:44,884 - INFO - 10.1.5.99 - - [27/Mar/2025 05:34:44] "OPTIONS /api/tableros/2/habitaciones HTTP/1.1" 200 -
2025-03-27 05:34:44,902 - INFO - 10.1.5.99 - - [27/Mar/2025 05:34:44] "GET /api/dispositivos HTTP/1.1" 200 -
2025-03-27 05:34:44,903 - INFO - 10.1.5.99 - - [27/Mar/2025 05:34:44] "GET /api/tableros/2/habitaciones HTTP/1.1" 200 -
2025-03-27 05:34:44,961 - INFO - 10.1.5.99 - - [27/Mar/2025 05:34:44] "GET /api/tableros/2/habitaciones HTTP/1.1" 200 -
2025-03-27 05:34:44,991 - INFO - 10.1.5.99 - - [27/Mar/2025 05:34:44] "GET /api/tableros/2/habitaciones HTTP/1.1" 200 -
2025-03-27 05:34:44,999 - INFO - 10.1.5.99 - - [27/Mar/2025 05:34:44] "GET /api/tableros/3/habitaciones HTTP/1.1" 200 -
2025-03-27 05:34:45,027 - INFO - 10.1.5.99 - - [27/Mar/2025 05:34:45] "OPTIONS /api/tableros/4/habitaciones HTTP/1.1" 200 -
2025-03-27 05:34:45,054 - INFO - 10.1.5.99 - - [27/Mar/2025 05:34:45] "GET /api/tableros/4/habitaciones HTTP/1.1" 200 -
2025-03-27 05:34:45,081 - INFO - 10.1.5.99 - - [27/Mar/2025 05:34:45] "OPTIONS /api/tableros/5/habitaciones HTTP/1.1" 200 -
2025-03-27 05:34:45,107 - INFO - 10.1.5.99 - - [27/Mar/2025 05:34:45] "GET /api/tableros/5/habitaciones HTTP/1.1" 200 -
2025-03-27 05:34:45,132 - INFO - 10.1.5.99 - - [27/Mar/2025 05:34:45] "OPTIONS /api/tableros/6/habitaciones HTTP/1.1" 200 -
2025-03-27 05:34:45,159 - INFO - 10.1.5.99 - - [27/Mar/2025 05:34:45] "GET /api/tableros/6/habitaciones HTTP/1.1" 200 -
2025-03-27 05:34:45,269 - INFO - 10.1.5.99 - - [27/Mar/2025 05:34:45] "GET /api/dispositivos HTTP/1.1" 200 -
2025-03-27 05:34:53,445 - INFO - 10.1.5.99 - - [27/Mar/2025 05:34:53] "OPTIONS /api/habitaciones/6/dispositivos HTTP/1.1" 200 -
2025-03-27 05:34:53,472 - INFO - 10.1.5.99 - - [27/Mar/2025 05:34:53] "GET /api/habitaciones/6/dispositivos HTTP/1.1" 200 -
2025-03-27 05:35:14,455 - INFO - 10.1.5.99 - - [27/Mar/2025 05:35:14] "OPTIONS /api/habitaciones/5/dispositivos HTTP/1.1" 200 -
2025-03-27 05:35:14,480 - INFO - 10.1.5.99 - - [27/Mar/2025 05:35:14] "GET /api/habitaciones/5/dispositivos HTTP/1.1" 200 -
2025-03-27 05:35:14,510 - INFO - 10.1.5.99 - - [27/Mar/2025 05:35:14] "OPTIONS /api/habitaciones/5 HTTP/1.1" 200 -
2025-03-27 05:35:14,578 - INFO - 10.1.5.99 - - [27/Mar/2025 05:35:14] "DELETE /api/habitaciones/5 HTTP/1.1" 200 -
2025-03-27 05:35:14,606 - INFO - 10.1.5.99 - - [27/Mar/2025 05:35:14] "OPTIONS /api/tableros HTTP/1.1" 200 -
2025-03-27 05:35:14,630 - INFO - 10.1.5.99 - - [27/Mar/2025 05:35:14] "GET /api/tableros HTTP/1.1" 200 -
2025-03-27 05:35:14,668 - INFO - 10.1.5.99 - - [27/Mar/2025 05:35:14] "OPTIONS /api/tableros/2/habitaciones HTTP/1.1" 200 -
2025-03-27 05:35:14,693 - INFO - 10.1.5.99 - - [27/Mar/2025 05:35:14] "GET /api/tableros/2/habitaciones HTTP/1.1" 200 -
2025-03-27 05:35:14,722 - INFO - 10.1.5.99 - - [27/Mar/2025 05:35:14] "OPTIONS /api/tableros/3/habitaciones HTTP/1.1" 200 -
2025-03-27 05:35:14,747 - INFO - 10.1.5.99 - - [27/Mar/2025 05:35:14] "GET /api/tableros/3/habitaciones HTTP/1.1" 200 -
2025-03-27 05:35:14,777 - INFO - 10.1.5.99 - - [27/Mar/2025 05:35:14] "OPTIONS /api/tableros/4/habitaciones HTTP/1.1" 200 -
2025-03-27 05:35:14,803 - INFO - 10.1.5.99 - - [27/Mar/2025 05:35:14] "GET /api/tableros/4/habitaciones HTTP/1.1" 200 -
2025-03-27 05:35:14,832 - INFO - 10.1.5.99 - - [27/Mar/2025 05:35:14] "OPTIONS /api/tableros/5/habitaciones HTTP/1.1" 200 -
2025-03-27 05:35:14,860 - INFO - 10.1.5.99 - - [27/Mar/2025 05:35:14] "GET /api/tableros/5/habitaciones HTTP/1.1" 200 -
2025-03-27 05:35:14,890 - INFO - 10.1.5.99 - - [27/Mar/2025 05:35:14] "OPTIONS /api/tableros/6/habitaciones HTTP/1.1" 200 -
2025-03-27 05:35:14,915 - INFO - 10.1.5.99 - - [27/Mar/2025 05:35:14] "GET /api/tableros/6/habitaciones HTTP/1.1" 200 -
2025-03-27 05:35:14,997 - INFO - 10.1.5.99 - - [27/Mar/2025 05:35:14] "OPTIONS /api/dispositivos HTTP/1.1" 200 -
2025-03-27 05:35:15,030 - INFO - 10.1.5.99 - - [27/Mar/2025 05:35:15] "GET /api/dispositivos HTTP/1.1" 200 -
2025-03-27 05:35:34,909 - INFO - 10.1.5.99 - - [27/Mar/2025 05:35:34] "OPTIONS /api/dispositivos HTTP/1.1" 200 -
2025-03-27 05:35:34,940 - INFO - 10.1.5.99 - - [27/Mar/2025 05:35:34] "GET /api/dispositivos HTTP/1.1" 200 -
2025-03-27 05:36:18,569 - INFO - 10.1.5.99 - - [27/Mar/2025 05:36:18] "OPTIONS /api/habitaciones HTTP/1.1" 200 -
2025-03-27 05:36:18,631 - INFO - 10.1.5.99 - - [27/Mar/2025 05:36:18] "GET /api/habitaciones HTTP/1.1" 200 -
2025-03-27 05:36:20,841 - INFO - 10.1.5.99 - - [27/Mar/2025 05:36:20] "OPTIONS /api/asignar_habitacion HTTP/1.1" 200 -
2025-03-27 05:36:20,892 - INFO - 10.1.5.99 - - [27/Mar/2025 05:36:20] "POST /api/asignar_habitacion HTTP/1.1" 200 -
2025-03-27 05:36:20,924 - INFO - 10.1.5.99 - - [27/Mar/2025 05:36:20] "OPTIONS /api/dispositivos HTTP/1.1" 200 -
2025-03-27 05:36:21,068 - INFO - 10.1.5.99 - - [27/Mar/2025 05:36:21] "GET /api/dispositivos HTTP/1.1" 200 -
2025-03-27 05:36:24,621 - INFO - 10.1.5.99 - - [27/Mar/2025 05:36:24] "OPTIONS /api/tableros HTTP/1.1" 200 -
2025-03-27 05:36:24,637 - INFO - 10.1.5.99 - - [27/Mar/2025 05:36:24] "OPTIONS /api/tableros HTTP/1.1" 200 -
2025-03-27 05:36:24,755 - INFO - 10.1.5.99 - - [27/Mar/2025 05:36:24] "GET /api/tableros HTTP/1.1" 200 -
2025-03-27 05:36:24,815 - INFO - 10.1.5.99 - - [27/Mar/2025 05:36:24] "GET /api/tableros HTTP/1.1" 200 -
2025-03-27 05:36:24,835 - INFO - 10.1.5.99 - - [27/Mar/2025 05:36:24] "OPTIONS /api/tableros/2/habitaciones HTTP/1.1" 200 -
2025-03-27 05:36:24,836 - INFO - 10.1.5.99 - - [27/Mar/2025 05:36:24] "GET /api/dispositivos HTTP/1.1" 200 -
2025-03-27 05:36:24,877 - INFO - 10.1.5.99 - - [27/Mar/2025 05:36:24] "OPTIONS /api/tableros/2/habitaciones HTTP/1.1" 200 -
2025-03-27 05:36:24,896 - INFO - 10.1.5.99 - - [27/Mar/2025 05:36:24] "OPTIONS /api/tableros/2/habitaciones HTTP/1.1" 200 -
2025-03-27 05:36:24,904 - INFO - 10.1.5.99 - - [27/Mar/2025 05:36:24] "GET /api/tableros/2/habitaciones HTTP/1.1" 200 -
2025-03-27 05:36:24,927 - INFO - 10.1.5.99 - - [27/Mar/2025 05:36:24] "GET /api/tableros/2/habitaciones HTTP/1.1" 200 -
2025-03-27 05:36:24,954 - INFO - 10.1.5.99 - - [27/Mar/2025 05:36:24] "GET /api/tableros/2/habitaciones HTTP/1.1" 200 -
2025-03-27 05:36:25,042 - INFO - 10.1.5.99 - - [27/Mar/2025 05:36:25] "OPTIONS /api/tableros/3/habitaciones HTTP/1.1" 200 -
2025-03-27 05:36:25,073 - INFO - 10.1.5.99 - - [27/Mar/2025 05:36:25] "GET /api/tableros/3/habitaciones HTTP/1.1" 200 -
2025-03-27 05:36:25,130 - INFO - 10.1.5.99 - - [27/Mar/2025 05:36:25] "OPTIONS /api/tableros/4/habitaciones HTTP/1.1" 200 -
2025-03-27 05:36:25,161 - INFO - 10.1.5.99 - - [27/Mar/2025 05:36:25] "GET /api/tableros/4/habitaciones HTTP/1.1" 200 -
2025-03-27 05:36:25,186 - INFO - 10.1.5.99 - - [27/Mar/2025 05:36:25] "OPTIONS /api/tableros/5/habitaciones HTTP/1.1" 200 -
2025-03-27 05:36:25,216 - INFO - 10.1.5.99 - - [27/Mar/2025 05:36:25] "GET /api/tableros/5/habitaciones HTTP/1.1" 200 -
2025-03-27 05:36:25,240 - INFO - 10.1.5.99 - - [27/Mar/2025 05:36:25] "OPTIONS /api/tableros/6/habitaciones HTTP/1.1" 200 -
2025-03-27 05:36:25,270 - INFO - 10.1.5.99 - - [27/Mar/2025 05:36:25] "GET /api/tableros/6/habitaciones HTTP/1.1" 200 -
2025-03-27 05:36:25,349 - INFO - 10.1.5.99 - - [27/Mar/2025 05:36:25] "GET /api/dispositivos HTTP/1.1" 200 -
2025-03-27 05:36:28,043 - INFO - 10.1.5.99 - - [27/Mar/2025 05:36:28] "OPTIONS /api/habitaciones/6/dispositivos HTTP/1.1" 200 -
2025-03-27 05:36:28,072 - INFO - 10.1.5.99 - - [27/Mar/2025 05:36:28] "GET /api/habitaciones/6/dispositivos HTTP/1.1" 200 -
2025-03-27 05:36:35,199 - INFO - 10.1.5.99 - - [27/Mar/2025 05:36:35] "OPTIONS /api/tableros/5/habitaciones HTTP/1.1" 200 -
2025-03-27 05:36:35,209 - INFO - 10.1.5.99 - - [27/Mar/2025 05:36:35] "OPTIONS /api/tableros/5/habitaciones HTTP/1.1" 200 -
2025-03-27 05:36:35,224 - INFO - 10.1.5.99 - - [27/Mar/2025 05:36:35] "GET /api/tableros/5/habitaciones HTTP/1.1" 200 -
2025-03-27 05:36:35,259 - INFO - 10.1.5.99 - - [27/Mar/2025 05:36:35] "GET /api/tableros/5/habitaciones HTTP/1.1" 200 -
2025-03-27 05:36:38,295 - INFO - 10.1.5.99 - - [27/Mar/2025 05:36:38] "OPTIONS /api/tableros/2/habitaciones HTTP/1.1" 200 -
2025-03-27 05:36:38,304 - INFO - 10.1.5.99 - - [27/Mar/2025 05:36:38] "OPTIONS /api/tableros/2/habitaciones HTTP/1.1" 200 -
2025-03-27 05:36:38,321 - INFO - 10.1.5.99 - - [27/Mar/2025 05:36:38] "GET /api/tableros/2/habitaciones HTTP/1.1" 200 -
2025-03-27 05:36:38,346 - INFO - 10.1.5.99 - - [27/Mar/2025 05:36:38] "GET /api/tableros/2/habitaciones HTTP/1.1" 200 -
2025-03-27 05:36:47,143 - INFO - 10.1.5.99 - - [27/Mar/2025 05:36:47] "OPTIONS /api/habitaciones/6/dispositivos HTTP/1.1" 200 -
2025-03-27 05:36:47,174 - INFO - 10.1.5.99 - - [27/Mar/2025 05:36:47] "GET /api/habitaciones/6/dispositivos HTTP/1.1" 200 -
2025-03-27 05:36:47,204 - INFO - 10.1.5.99 - - [27/Mar/2025 05:36:47] "OPTIONS /api/habitaciones/6 HTTP/1.1" 200 -
2025-03-27 05:36:47,255 - INFO - 10.1.5.99 - - [27/Mar/2025 05:36:47] "DELETE /api/habitaciones/6 HTTP/1.1" 200 -
2025-03-27 05:36:47,287 - INFO - 10.1.5.99 - - [27/Mar/2025 05:36:47] "OPTIONS /api/tableros HTTP/1.1" 200 -
2025-03-27 05:36:47,309 - INFO - 10.1.5.99 - - [27/Mar/2025 05:36:47] "GET /api/tableros HTTP/1.1" 200 -
2025-03-27 05:36:47,337 - INFO - 10.1.5.99 - - [27/Mar/2025 05:36:47] "OPTIONS /api/tableros/2/habitaciones HTTP/1.1" 200 -
2025-03-27 05:36:47,360 - INFO - 10.1.5.99 - - [27/Mar/2025 05:36:47] "GET /api/tableros/2/habitaciones HTTP/1.1" 200 -
2025-03-27 05:36:47,406 - INFO - 10.1.5.99 - - [27/Mar/2025 05:36:47] "OPTIONS /api/tableros/3/habitaciones HTTP/1.1" 200 -
2025-03-27 05:36:47,432 - INFO - 10.1.5.99 - - [27/Mar/2025 05:36:47] "GET /api/tableros/3/habitaciones HTTP/1.1" 200 -
2025-03-27 05:36:47,459 - INFO - 10.1.5.99 - - [27/Mar/2025 05:36:47] "OPTIONS /api/tableros/4/habitaciones HTTP/1.1" 200 -
2025-03-27 05:36:47,484 - INFO - 10.1.5.99 - - [27/Mar/2025 05:36:47] "GET /api/tableros/4/habitaciones HTTP/1.1" 200 -
2025-03-27 05:36:47,513 - INFO - 10.1.5.99 - - [27/Mar/2025 05:36:47] "OPTIONS /api/tableros/5/habitaciones HTTP/1.1" 200 -
2025-03-27 05:36:47,539 - INFO - 10.1.5.99 - - [27/Mar/2025 05:36:47] "GET /api/tableros/5/habitaciones HTTP/1.1" 200 -
2025-03-27 05:36:47,570 - INFO - 10.1.5.99 - - [27/Mar/2025 05:36:47] "OPTIONS /api/tableros/6/habitaciones HTTP/1.1" 200 -
2025-03-27 05:36:47,594 - INFO - 10.1.5.99 - - [27/Mar/2025 05:36:47] "GET /api/tableros/6/habitaciones HTTP/1.1" 200 -
2025-03-27 05:36:47,675 - INFO - 10.1.5.99 - - [27/Mar/2025 05:36:47] "OPTIONS /api/dispositivos HTTP/1.1" 200 -
2025-03-27 05:36:47,706 - INFO - 10.1.5.99 - - [27/Mar/2025 05:36:47] "GET /api/dispositivos HTTP/1.1" 200 -
2025-03-27 05:36:54,663 - INFO - 10.1.5.99 - - [27/Mar/2025 05:36:54] "OPTIONS /api/habitaciones HTTP/1.1" 200 -
2025-03-27 05:36:54,748 - INFO - 10.1.5.99 - - [27/Mar/2025 05:36:54] "[35m[1mPOST /api/habitaciones HTTP/1.1[0m" 201 -
2025-03-27 05:36:54,779 - INFO - 10.1.5.99 - - [27/Mar/2025 05:36:54] "GET /api/habitaciones HTTP/1.1" 200 -
2025-03-27 05:36:54,809 - INFO - 10.1.5.99 - - [27/Mar/2025 05:36:54] "OPTIONS /api/tableros HTTP/1.1" 200 -
2025-03-27 05:36:54,839 - INFO - 10.1.5.99 - - [27/Mar/2025 05:36:54] "GET /api/tableros HTTP/1.1" 200 -
2025-03-27 05:36:54,979 - INFO - 10.1.5.99 - - [27/Mar/2025 05:36:54] "OPTIONS /api/tableros/2/habitaciones HTTP/1.1" 200 -
2025-03-27 05:36:54,989 - INFO - 10.1.5.99 - - [27/Mar/2025 05:36:54] "OPTIONS /api/tableros/2/habitaciones HTTP/1.1" 200 -
2025-03-27 05:36:55,023 - INFO - 10.1.5.99 - - [27/Mar/2025 05:36:55] "GET /api/tableros/2/habitaciones HTTP/1.1" 200 -
2025-03-27 05:36:55,048 - INFO - 10.1.5.99 - - [27/Mar/2025 05:36:55] "GET /api/tableros/2/habitaciones HTTP/1.1" 200 -
2025-03-27 05:37:02,207 - INFO - 10.1.5.99 - - [27/Mar/2025 05:37:02] "OPTIONS /api/habitaciones HTTP/1.1" 200 -
2025-03-27 05:37:02,255 - INFO - 10.1.5.99 - - [27/Mar/2025 05:37:02] "[35m[1mPOST /api/habitaciones HTTP/1.1[0m" 201 -
2025-03-27 05:37:02,290 - INFO - 10.1.5.99 - - [27/Mar/2025 05:37:02] "GET /api/habitaciones HTTP/1.1" 200 -
2025-03-27 05:37:02,319 - INFO - 10.1.5.99 - - [27/Mar/2025 05:37:02] "OPTIONS /api/tableros HTTP/1.1" 200 -
2025-03-27 05:37:02,346 - INFO - 10.1.5.99 - - [27/Mar/2025 05:37:02] "GET /api/tableros HTTP/1.1" 200 -
2025-03-27 05:37:02,454 - INFO - 10.1.5.99 - - [27/Mar/2025 05:37:02] "OPTIONS /api/tableros/2/habitaciones HTTP/1.1" 200 -
2025-03-27 05:37:02,461 - INFO - 10.1.5.99 - - [27/Mar/2025 05:37:02] "OPTIONS /api/tableros/2/habitaciones HTTP/1.1" 200 -
2025-03-27 05:37:02,479 - INFO - 10.1.5.99 - - [27/Mar/2025 05:37:02] "GET /api/tableros/2/habitaciones HTTP/1.1" 200 -
2025-03-27 05:37:02,501 - INFO - 10.1.5.99 - - [27/Mar/2025 05:37:02] "GET /api/tableros/2/habitaciones HTTP/1.1" 200 -
2025-03-27 05:37:28,882 - INFO - 10.1.5.99 - - [27/Mar/2025 05:37:28] "OPTIONS /api/habitaciones/1/dispositivos HTTP/1.1" 200 -
2025-03-27 05:37:28,907 - INFO - 10.1.5.99 - - [27/Mar/2025 05:37:28] "GET /api/habitaciones/1/dispositivos HTTP/1.1" 200 -
